<?xml version="1.0" encoding="UTF-8"?>
<testsuite name="tests.SearchTests" tests="8" skipped="6" failures="2" errors="0" timestamp="2022-07-23T21:44:57" hostname="VIKTOR" time="2.195">
  <properties/>
  <testcase name="searchAnyPeriod" classname="tests.SearchTests" time="1.092">
    <failure message="org.openqa.selenium.ElementClickInterceptedException: element click intercepted: Element &lt;input _ngcontent-aro-c72=&quot;&quot; formcontrolname=&quot;city&quot; id=&quot;city&quot; placeholder=&quot;&quot; type=&quot;text&quot; class=&quot;ng-pristine ng-invalid pac-target-input ng-touched&quot; autocomplete=&quot;off&quot;&gt; is not clickable at point (335, 266). Other element would receive the click: &lt;div class=&quot;cdk-overlay-backdrop mat-overlay-transparent-backdrop cdk-overlay-backdrop-showing&quot;&gt;&lt;/div&gt;&#10;  (Session info: chrome=103.0.5060.134)&#10;Build info: version: '4.2.2', revision: '683ccb65d6'&#10;System info: host: 'VIKTOR', ip: '192.168.99.192', os.name: 'Windows 11', os.arch: 'amd64', os.version: '10.0', java.version: '11.0.15.1'&#10;Driver info: org.openqa.selenium.chrome.ChromeDriver&#10;Command: [44976a7d6d1e47e2e218cf3c1f422d48, clickElement {id=db46ab66-ec57-4616-94bc-046b5f31e113}]&#10;Capabilities {acceptInsecureCerts: false, browserName: chrome, browserVersion: 103.0.5060.134, chrome: {chromedriverVersion: 102.0.5005.61 (0e59bcc00cc4..., userDataDir: C:\Users\Viktor\AppData\Loc...}, goog:chromeOptions: {debuggerAddress: localhost:61426}, networkConnectionEnabled: false, pageLoadStrategy: normal, platformName: WINDOWS, proxy: Proxy(), se:cdp: ws://localhost:61426/devtoo..., se:cdpVersion: 103.0.5060.134, setWindowRect: true, strictFileInteractability: false, timeouts: {implicit: 0, pageLoad: 300000, script: 30000}, unhandledPromptBehavior: dismiss and notify, webauthn:extension:credBlob: true, webauthn:extension:largeBlob: true, webauthn:virtualAuthenticators: true}&#10;Element: [[ChromeDriver: chrome on WINDOWS (44976a7d6d1e47e2e218cf3c1f422d48)] -&gt; id: city]&#10;Session ID: 44976a7d6d1e47e2e218cf3c1f422d48" type="org.openqa.selenium.ElementClickInterceptedException">org.openqa.selenium.ElementClickInterceptedException: element click intercepted: Element &lt;input _ngcontent-aro-c72=&quot;&quot; formcontrolname=&quot;city&quot; id=&quot;city&quot; placeholder=&quot;&quot; type=&quot;text&quot; class=&quot;ng-pristine ng-invalid pac-target-input ng-touched&quot; autocomplete=&quot;off&quot;&gt; is not clickable at point (335, 266). Other element would receive the click: &lt;div class=&quot;cdk-overlay-backdrop mat-overlay-transparent-backdrop cdk-overlay-backdrop-showing&quot;&gt;&lt;/div&gt;
  (Session info: chrome=103.0.5060.134)
Build info: version: '4.2.2', revision: '683ccb65d6'
System info: host: 'VIKTOR', ip: '192.168.99.192', os.name: 'Windows 11', os.arch: 'amd64', os.version: '10.0', java.version: '11.0.15.1'
Driver info: org.openqa.selenium.chrome.ChromeDriver
Command: [44976a7d6d1e47e2e218cf3c1f422d48, clickElement {id=db46ab66-ec57-4616-94bc-046b5f31e113}]
Capabilities {acceptInsecureCerts: false, browserName: chrome, browserVersion: 103.0.5060.134, chrome: {chromedriverVersion: 102.0.5005.61 (0e59bcc00cc4..., userDataDir: C:\Users\Viktor\AppData\Loc...}, goog:chromeOptions: {debuggerAddress: localhost:61426}, networkConnectionEnabled: false, pageLoadStrategy: normal, platformName: WINDOWS, proxy: Proxy(), se:cdp: ws://localhost:61426/devtoo..., se:cdpVersion: 103.0.5060.134, setWindowRect: true, strictFileInteractability: false, timeouts: {implicit: 0, pageLoad: 300000, script: 30000}, unhandledPromptBehavior: dismiss and notify, webauthn:extension:credBlob: true, webauthn:extension:largeBlob: true, webauthn:virtualAuthenticators: true}
Element: [[ChromeDriver: chrome on WINDOWS (44976a7d6d1e47e2e218cf3c1f422d48)] -&gt; id: city]
Session ID: 44976a7d6d1e47e2e218cf3c1f422d48
	at app//manager.MyListener.onError(MyListener.java:19)
	at app//org.openqa.selenium.support.events.EventFiringDecorator.lambda$onError$2(EventFiringDecorator.java:185)
	at java.base@11.0.15.1/java.util.Arrays$ArrayList.forEach(Arrays.java:4390)
	at app//org.openqa.selenium.support.events.EventFiringDecorator.onError(EventFiringDecorator.java:183)
	at app//org.openqa.selenium.support.decorators.DefaultDecorated.onError(DefaultDecorated.java:58)
	at app//org.openqa.selenium.support.decorators.WebDriverDecorator.lambda$createProxy$0(WebDriverDecorator.java:308)
	at net.bytebuddy.renamed.java.lang.Object$ByteBuddy$AvcBvrc1.click(Unknown Source)
	at app//manager.HelperBase.type(HelperBase.java:26)
	at app//manager.HelperSearch.typeCity(HelperSearch.java:42)
	at app//manager.HelperSearch.searchAnyPeriodLocalDate2(HelperSearch.java:101)
	at app//tests.SearchTests.searchAnyPeriod(SearchTests.java:62)
	at java.base@11.0.15.1/jdk.internal.reflect.NativeMethodAccessorImpl.invoke0(Native Method)
	at java.base@11.0.15.1/jdk.internal.reflect.NativeMethodAccessorImpl.invoke(NativeMethodAccessorImpl.java:62)
	at java.base@11.0.15.1/jdk.internal.reflect.DelegatingMethodAccessorImpl.invoke(DelegatingMethodAccessorImpl.java:43)
	at java.base@11.0.15.1/java.lang.reflect.Method.invoke(Method.java:566)
	at app//org.testng.internal.invokers.MethodInvocationHelper.invokeMethod(MethodInvocationHelper.java:139)
	at app//org.testng.internal.invokers.TestInvoker.invokeMethod(TestInvoker.java:677)
	at app//org.testng.internal.invokers.TestInvoker.invokeTestMethod(TestInvoker.java:221)
	at app//org.testng.internal.invokers.MethodRunner.runInSequence(MethodRunner.java:50)
	at app//org.testng.internal.invokers.TestInvoker$MethodInvocationAgent.invoke(TestInvoker.java:962)
	at app//org.testng.internal.invokers.TestInvoker.invokeTestMethods(TestInvoker.java:194)
	at app//org.testng.internal.invokers.TestMethodWorker.invokeTestMethods(TestMethodWorker.java:148)
	at app//org.testng.internal.invokers.TestMethodWorker.run(TestMethodWorker.java:128)
	at java.base@11.0.15.1/java.util.ArrayList.forEach(ArrayList.java:1541)
	at app//org.testng.TestRunner.privateRun(TestRunner.java:806)
	at app//org.testng.TestRunner.run(TestRunner.java:601)
	at app//org.testng.SuiteRunner.runTest(SuiteRunner.java:433)
	at app//org.testng.SuiteRunner.runSequentially(SuiteRunner.java:427)
	at app//org.testng.SuiteRunner.privateRun(SuiteRunner.java:387)
	at app//org.testng.SuiteRunner.run(SuiteRunner.java:330)
	at app//org.testng.SuiteRunnerWorker.runSuite(SuiteRunnerWorker.java:52)
	at app//org.testng.SuiteRunnerWorker.run(SuiteRunnerWorker.java:95)
	at app//org.testng.TestNG.runSuitesSequentially(TestNG.java:1256)
	at app//org.testng.TestNG.runSuitesLocally(TestNG.java:1176)
	at app//org.testng.TestNG.runSuites(TestNG.java:1099)
	at app//org.testng.TestNG.run(TestNG.java:1067)
	at org.gradle.api.internal.tasks.testing.testng.TestNGTestClassProcessor.runTests(TestNGTestClassProcessor.java:141)
	at org.gradle.api.internal.tasks.testing.testng.TestNGTestClassProcessor.stop(TestNGTestClassProcessor.java:90)
	at org.gradle.api.internal.tasks.testing.SuiteTestClassProcessor.stop(SuiteTestClassProcessor.java:61)
	at java.base@11.0.15.1/jdk.internal.reflect.NativeMethodAccessorImpl.invoke0(Native Method)
	at java.base@11.0.15.1/jdk.internal.reflect.NativeMethodAccessorImpl.invoke(NativeMethodAccessorImpl.java:62)
	at java.base@11.0.15.1/jdk.internal.reflect.DelegatingMethodAccessorImpl.invoke(DelegatingMethodAccessorImpl.java:43)
	at java.base@11.0.15.1/java.lang.reflect.Method.invoke(Method.java:566)
	at org.gradle.internal.dispatch.ReflectionDispatch.dispatch(ReflectionDispatch.java:36)
	at org.gradle.internal.dispatch.ReflectionDispatch.dispatch(ReflectionDispatch.java:24)
	at org.gradle.internal.dispatch.ContextClassLoaderDispatch.dispatch(ContextClassLoaderDispatch.java:33)
	at org.gradle.internal.dispatch.ProxyDispatchAdapter$DispatchingInvocationHandler.invoke(ProxyDispatchAdapter.java:94)
	at com.sun.proxy.$Proxy2.stop(Unknown Source)
	at org.gradle.api.internal.tasks.testing.worker.TestWorker$3.run(TestWorker.java:193)
	at org.gradle.api.internal.tasks.testing.worker.TestWorker.executeAndMaintainThreadName(TestWorker.java:129)
	at org.gradle.api.internal.tasks.testing.worker.TestWorker.execute(TestWorker.java:100)
	at org.gradle.api.internal.tasks.testing.worker.TestWorker.execute(TestWorker.java:60)
	at org.gradle.process.internal.worker.child.ActionExecutionWorker.execute(ActionExecutionWorker.java:56)
	at org.gradle.process.internal.worker.child.SystemApplicationClassLoaderWorker.call(SystemApplicationClassLoaderWorker.java:133)
	at org.gradle.process.internal.worker.child.SystemApplicationClassLoaderWorker.call(SystemApplicationClassLoaderWorker.java:71)
	at app//worker.org.gradle.process.internal.worker.GradleWorkerMain.run(GradleWorkerMain.java:69)
	at app//worker.org.gradle.process.internal.worker.GradleWorkerMain.main(GradleWorkerMain.java:74)
</failure>
  </testcase>
  <testcase name="returnToHome" classname="tests.SearchTests" time="1.092">
    <failure message="org.openqa.selenium.ElementClickInterceptedException: element click intercepted: Element &lt;a _ngcontent-aro-c25=&quot;&quot; href=&quot;/&quot; class=&quot;logo&quot;&gt;...&lt;/a&gt; is not clickable at point (262, 34). Other element would receive the click: &lt;div class=&quot;cdk-overlay-backdrop mat-overlay-transparent-backdrop cdk-overlay-backdrop-showing&quot;&gt;&lt;/div&gt;&#10;  (Session info: chrome=103.0.5060.134)&#10;Build info: version: '4.2.2', revision: '683ccb65d6'&#10;System info: host: 'VIKTOR', ip: '192.168.99.192', os.name: 'Windows 11', os.arch: 'amd64', os.version: '10.0', java.version: '11.0.15.1'&#10;Driver info: org.openqa.selenium.chrome.ChromeDriver&#10;Command: [44976a7d6d1e47e2e218cf3c1f422d48, clickElement {id=b672406f-f822-418b-8203-ab0e2f950ff2}]&#10;Capabilities {acceptInsecureCerts: false, browserName: chrome, browserVersion: 103.0.5060.134, chrome: {chromedriverVersion: 102.0.5005.61 (0e59bcc00cc4..., userDataDir: C:\Users\Viktor\AppData\Loc...}, goog:chromeOptions: {debuggerAddress: localhost:61426}, networkConnectionEnabled: false, pageLoadStrategy: normal, platformName: WINDOWS, proxy: Proxy(), se:cdp: ws://localhost:61426/devtoo..., se:cdpVersion: 103.0.5060.134, setWindowRect: true, strictFileInteractability: false, timeouts: {implicit: 0, pageLoad: 300000, script: 30000}, unhandledPromptBehavior: dismiss and notify, webauthn:extension:credBlob: true, webauthn:extension:largeBlob: true, webauthn:virtualAuthenticators: true}&#10;Element: [[ChromeDriver: chrome on WINDOWS (44976a7d6d1e47e2e218cf3c1f422d48)] -&gt; css selector: .logo]&#10;Session ID: 44976a7d6d1e47e2e218cf3c1f422d48" type="org.openqa.selenium.ElementClickInterceptedException">org.openqa.selenium.ElementClickInterceptedException: element click intercepted: Element &lt;a _ngcontent-aro-c25=&quot;&quot; href=&quot;/&quot; class=&quot;logo&quot;&gt;...&lt;/a&gt; is not clickable at point (262, 34). Other element would receive the click: &lt;div class=&quot;cdk-overlay-backdrop mat-overlay-transparent-backdrop cdk-overlay-backdrop-showing&quot;&gt;&lt;/div&gt;
  (Session info: chrome=103.0.5060.134)
Build info: version: '4.2.2', revision: '683ccb65d6'
System info: host: 'VIKTOR', ip: '192.168.99.192', os.name: 'Windows 11', os.arch: 'amd64', os.version: '10.0', java.version: '11.0.15.1'
Driver info: org.openqa.selenium.chrome.ChromeDriver
Command: [44976a7d6d1e47e2e218cf3c1f422d48, clickElement {id=b672406f-f822-418b-8203-ab0e2f950ff2}]
Capabilities {acceptInsecureCerts: false, browserName: chrome, browserVersion: 103.0.5060.134, chrome: {chromedriverVersion: 102.0.5005.61 (0e59bcc00cc4..., userDataDir: C:\Users\Viktor\AppData\Loc...}, goog:chromeOptions: {debuggerAddress: localhost:61426}, networkConnectionEnabled: false, pageLoadStrategy: normal, platformName: WINDOWS, proxy: Proxy(), se:cdp: ws://localhost:61426/devtoo..., se:cdpVersion: 103.0.5060.134, setWindowRect: true, strictFileInteractability: false, timeouts: {implicit: 0, pageLoad: 300000, script: 30000}, unhandledPromptBehavior: dismiss and notify, webauthn:extension:credBlob: true, webauthn:extension:largeBlob: true, webauthn:virtualAuthenticators: true}
Element: [[ChromeDriver: chrome on WINDOWS (44976a7d6d1e47e2e218cf3c1f422d48)] -&gt; css selector: .logo]
Session ID: 44976a7d6d1e47e2e218cf3c1f422d48
	at app//manager.MyListener.onError(MyListener.java:19)
	at app//org.openqa.selenium.support.events.EventFiringDecorator.lambda$onError$2(EventFiringDecorator.java:185)
	at java.base@11.0.15.1/java.util.Arrays$ArrayList.forEach(Arrays.java:4390)
	at app//org.openqa.selenium.support.events.EventFiringDecorator.onError(EventFiringDecorator.java:183)
	at app//org.openqa.selenium.support.decorators.DefaultDecorated.onError(DefaultDecorated.java:58)
	at app//org.openqa.selenium.support.decorators.WebDriverDecorator.lambda$createProxy$0(WebDriverDecorator.java:308)
	at net.bytebuddy.renamed.java.lang.Object$ByteBuddy$B55JI1vm.click(Unknown Source)
	at app//manager.HelperBase.click(HelperBase.java:40)
	at app//manager.HelperSearch.returnToHome(HelperSearch.java:177)
	at app//tests.SearchTests.returnToHome(SearchTests.java:70)
	at java.base@11.0.15.1/jdk.internal.reflect.NativeMethodAccessorImpl.invoke0(Native Method)
	at java.base@11.0.15.1/jdk.internal.reflect.NativeMethodAccessorImpl.invoke(NativeMethodAccessorImpl.java:62)
	at java.base@11.0.15.1/jdk.internal.reflect.DelegatingMethodAccessorImpl.invoke(DelegatingMethodAccessorImpl.java:43)
	at java.base@11.0.15.1/java.lang.reflect.Method.invoke(Method.java:566)
	at app//org.testng.internal.invokers.MethodInvocationHelper.invokeMethod(MethodInvocationHelper.java:139)
	at app//org.testng.internal.invokers.MethodInvocationHelper.invokeMethodConsideringTimeout(MethodInvocationHelper.java:69)
	at app//org.testng.internal.invokers.ConfigInvoker.invokeConfigurationMethod(ConfigInvoker.java:361)
	at app//org.testng.internal.invokers.ConfigInvoker.invokeConfigurations(ConfigInvoker.java:296)
	at app//org.testng.internal.invokers.TestInvoker.runConfigMethods(TestInvoker.java:816)
	at app//org.testng.internal.invokers.TestInvoker.runAfterConfigurations(TestInvoker.java:785)
	at app//org.testng.internal.invokers.TestInvoker.invokeMethod(TestInvoker.java:761)
	at app//org.testng.internal.invokers.TestInvoker.invokeTestMethod(TestInvoker.java:221)
	at app//org.testng.internal.invokers.MethodRunner.runInSequence(MethodRunner.java:50)
	at app//org.testng.internal.invokers.TestInvoker$MethodInvocationAgent.invoke(TestInvoker.java:962)
	at app//org.testng.internal.invokers.TestInvoker.invokeTestMethods(TestInvoker.java:194)
	at app//org.testng.internal.invokers.TestMethodWorker.invokeTestMethods(TestMethodWorker.java:148)
	at app//org.testng.internal.invokers.TestMethodWorker.run(TestMethodWorker.java:128)
	at java.base@11.0.15.1/java.util.ArrayList.forEach(ArrayList.java:1541)
	at app//org.testng.TestRunner.privateRun(TestRunner.java:806)
	at app//org.testng.TestRunner.run(TestRunner.java:601)
	at app//org.testng.SuiteRunner.runTest(SuiteRunner.java:433)
	at app//org.testng.SuiteRunner.runSequentially(SuiteRunner.java:427)
	at app//org.testng.SuiteRunner.privateRun(SuiteRunner.java:387)
	at app//org.testng.SuiteRunner.run(SuiteRunner.java:330)
	at app//org.testng.SuiteRunnerWorker.runSuite(SuiteRunnerWorker.java:52)
	at app//org.testng.SuiteRunnerWorker.run(SuiteRunnerWorker.java:95)
	at app//org.testng.TestNG.runSuitesSequentially(TestNG.java:1256)
	at app//org.testng.TestNG.runSuitesLocally(TestNG.java:1176)
	at app//org.testng.TestNG.runSuites(TestNG.java:1099)
	at app//org.testng.TestNG.run(TestNG.java:1067)
	at org.gradle.api.internal.tasks.testing.testng.TestNGTestClassProcessor.runTests(TestNGTestClassProcessor.java:141)
	at org.gradle.api.internal.tasks.testing.testng.TestNGTestClassProcessor.stop(TestNGTestClassProcessor.java:90)
	at org.gradle.api.internal.tasks.testing.SuiteTestClassProcessor.stop(SuiteTestClassProcessor.java:61)
	at java.base@11.0.15.1/jdk.internal.reflect.NativeMethodAccessorImpl.invoke0(Native Method)
	at java.base@11.0.15.1/jdk.internal.reflect.NativeMethodAccessorImpl.invoke(NativeMethodAccessorImpl.java:62)
	at java.base@11.0.15.1/jdk.internal.reflect.DelegatingMethodAccessorImpl.invoke(DelegatingMethodAccessorImpl.java:43)
	at java.base@11.0.15.1/java.lang.reflect.Method.invoke(Method.java:566)
	at org.gradle.internal.dispatch.ReflectionDispatch.dispatch(ReflectionDispatch.java:36)
	at org.gradle.internal.dispatch.ReflectionDispatch.dispatch(ReflectionDispatch.java:24)
	at org.gradle.internal.dispatch.ContextClassLoaderDispatch.dispatch(ContextClassLoaderDispatch.java:33)
	at org.gradle.internal.dispatch.ProxyDispatchAdapter$DispatchingInvocationHandler.invoke(ProxyDispatchAdapter.java:94)
	at com.sun.proxy.$Proxy2.stop(Unknown Source)
	at org.gradle.api.internal.tasks.testing.worker.TestWorker$3.run(TestWorker.java:193)
	at org.gradle.api.internal.tasks.testing.worker.TestWorker.executeAndMaintainThreadName(TestWorker.java:129)
	at org.gradle.api.internal.tasks.testing.worker.TestWorker.execute(TestWorker.java:100)
	at org.gradle.api.internal.tasks.testing.worker.TestWorker.execute(TestWorker.java:60)
	at org.gradle.process.internal.worker.child.ActionExecutionWorker.execute(ActionExecutionWorker.java:56)
	at org.gradle.process.internal.worker.child.SystemApplicationClassLoaderWorker.call(SystemApplicationClassLoaderWorker.java:133)
	at org.gradle.process.internal.worker.child.SystemApplicationClassLoaderWorker.call(SystemApplicationClassLoaderWorker.java:71)
	at app//worker.org.gradle.process.internal.worker.GradleWorkerMain.run(GradleWorkerMain.java:69)
	at app//worker.org.gradle.process.internal.worker.GradleWorkerMain.main(GradleWorkerMain.java:74)
</failure>
  </testcase>
  <testcase name="searchCurrentMonth" classname="tests.SearchTests" time="0.0">
    <skipped/>
  </testcase>
  <testcase name="searchCurrentYear" classname="tests.SearchTests" time="0.0">
    <skipped/>
  </testcase>
  <testcase name="searchCurrentYear2" classname="tests.SearchTests" time="0.0">
    <skipped/>
  </testcase>
  <testcase name="searchCurrentYearLocalDate" classname="tests.SearchTests" time="0.0">
    <skipped/>
  </testcase>
  <testcase name="searchNextMonth" classname="tests.SearchTests" time="0.0">
    <skipped/>
  </testcase>
  <testcase name="searchPeriodPast" classname="tests.SearchTests" time="0.0">
    <skipped/>
  </testcase>
  <system-out><![CDATA[00:44:56.933 INFO  tests.TestBase - Start test with name -->>>searchAnyPeriod
00:44:56.934 INFO  manager.MyListener - WebDriver start find element -->>>By.xpath: //*[@id='city']
00:44:56.953 INFO  manager.MyListener - WebDriver found element by locator -->>>By.xpath: //*[@id='city']
00:44:56.989 INFO  manager.MyListener - WebDriver start find element -->>>By.xpath: //*[@id='dates']
00:44:57.007 INFO  manager.MyListener - WebDriver found element by locator -->>>By.xpath: //*[@id='dates']
00:44:57.072 INFO  manager.MyListener - WebDriver start find element -->>>By.id: city
00:44:57.087 INFO  manager.MyListener - WebDriver found element by locator -->>>By.id: city
00:44:58.160 INFO  manager.MyListener - The name of method with error -->>>click
00:44:58.162 INFO  manager.MyListener - We have a problem ----->>>>>org.openqa.selenium.ElementClickInterceptedException: element click intercepted: Element <input _ngcontent-aro-c72="" formcontrolname="city" id="city" placeholder="" type="text" class="ng-pristine ng-invalid pac-target-input ng-touched" autocomplete="off"> is not clickable at point (335, 266). Other element would receive the click: <div class="cdk-overlay-backdrop mat-overlay-transparent-backdrop cdk-overlay-backdrop-showing"></div>
  (Session info: chrome=103.0.5060.134)
Build info: version: '4.2.2', revision: '683ccb65d6'
System info: host: 'VIKTOR', ip: '192.168.99.192', os.name: 'Windows 11', os.arch: 'amd64', os.version: '10.0', java.version: '11.0.15.1'
Driver info: org.openqa.selenium.chrome.ChromeDriver
Command: [44976a7d6d1e47e2e218cf3c1f422d48, clickElement {id=db46ab66-ec57-4616-94bc-046b5f31e113}]
Capabilities {acceptInsecureCerts: false, browserName: chrome, browserVersion: 103.0.5060.134, chrome: {chromedriverVersion: 102.0.5005.61 (0e59bcc00cc4..., userDataDir: C:\Users\Viktor\AppData\Loc...}, goog:chromeOptions: {debuggerAddress: localhost:61426}, networkConnectionEnabled: false, pageLoadStrategy: normal, platformName: WINDOWS, proxy: Proxy(), se:cdp: ws://localhost:61426/devtoo..., se:cdpVersion: 103.0.5060.134, setWindowRect: true, strictFileInteractability: false, timeouts: {implicit: 0, pageLoad: 300000, script: 30000}, unhandledPromptBehavior: dismiss and notify, webauthn:extension:credBlob: true, webauthn:extension:largeBlob: true, webauthn:virtualAuthenticators: true}
Element: [[ChromeDriver: chrome on WINDOWS (44976a7d6d1e47e2e218cf3c1f422d48)] -> id: city]
Session ID: 44976a7d6d1e47e2e218cf3c1f422d48
00:44:58.165 INFO  manager.MyListener - WebDriver start find element -->>>By.cssSelector: .logo
00:44:58.181 INFO  manager.MyListener - WebDriver found element by locator -->>>By.cssSelector: .logo
00:44:59.255 INFO  manager.MyListener - The name of method with error -->>>click
00:44:59.256 INFO  manager.MyListener - We have a problem ----->>>>>org.openqa.selenium.ElementClickInterceptedException: element click intercepted: Element <a _ngcontent-aro-c25="" href="/" class="logo">...</a> is not clickable at point (262, 34). Other element would receive the click: <div class="cdk-overlay-backdrop mat-overlay-transparent-backdrop cdk-overlay-backdrop-showing"></div>
  (Session info: chrome=103.0.5060.134)
Build info: version: '4.2.2', revision: '683ccb65d6'
System info: host: 'VIKTOR', ip: '192.168.99.192', os.name: 'Windows 11', os.arch: 'amd64', os.version: '10.0', java.version: '11.0.15.1'
Driver info: org.openqa.selenium.chrome.ChromeDriver
Command: [44976a7d6d1e47e2e218cf3c1f422d48, clickElement {id=b672406f-f822-418b-8203-ab0e2f950ff2}]
Capabilities {acceptInsecureCerts: false, browserName: chrome, browserVersion: 103.0.5060.134, chrome: {chromedriverVersion: 102.0.5005.61 (0e59bcc00cc4..., userDataDir: C:\Users\Viktor\AppData\Loc...}, goog:chromeOptions: {debuggerAddress: localhost:61426}, networkConnectionEnabled: false, pageLoadStrategy: normal, platformName: WINDOWS, proxy: Proxy(), se:cdp: ws://localhost:61426/devtoo..., se:cdpVersion: 103.0.5060.134, setWindowRect: true, strictFileInteractability: false, timeouts: {implicit: 0, pageLoad: 300000, script: 30000}, unhandledPromptBehavior: dismiss and notify, webauthn:extension:credBlob: true, webauthn:extension:largeBlob: true, webauthn:virtualAuthenticators: true}
Element: [[ChromeDriver: chrome on WINDOWS (44976a7d6d1e47e2e218cf3c1f422d48)] -> css selector: .logo]
Session ID: 44976a7d6d1e47e2e218cf3c1f422d48
]]></system-out>
  <system-err><![CDATA[]]></system-err>
</testsuite>
