19:10:46.178 INFO  manager.ApplicationManager - All tests run in Chrome browser.
19:10:59.859 INFO  manager.ApplicationManager - Current Url-->>>https://ilcarro-1578153671498.web.app/search
19:10:59.888 INFO  tests.TestBase - Start test with name -->>>successLogin
19:11:09.944 INFO  tests.TestBase - Test start with email: viktor@gmail.com& password: Vviktor12345$
19:11:09.944 INFO  manager.MyListener - WebDriver start find element -->>>By.xpath: //*[@href='/login?url=%2Fsearch']
19:11:09.963 INFO  manager.MyListener - WebDriver found element by locator -->>>By.xpath: //*[@href='/login?url=%2Fsearch']
19:11:10.004 INFO  manager.MyListener - WebDriver start find element -->>>By.xpath: //input[@id='email']
19:11:10.020 INFO  manager.MyListener - WebDriver found element by locator -->>>By.xpath: //input[@id='email']
19:11:10.284 INFO  manager.MyListener - WebDriver start find element -->>>By.xpath: //input[@id='password']
19:11:10.300 INFO  manager.MyListener - WebDriver found element by locator -->>>By.xpath: //input[@id='password']
19:11:10.373 INFO  manager.MyListener - WebDriver start find element -->>>By.xpath: //button[@type='submit']
19:11:10.390 INFO  manager.MyListener - WebDriver found element by locator -->>>By.xpath: //button[@type='submit']
19:11:10.416 INFO  manager.MyListener - WebDriver start find element -->>>By.xpath: //button[@type='submit']
19:11:10.429 INFO  manager.MyListener - WebDriver found element by locator -->>>By.xpath: //button[@type='submit']
19:11:12.472 INFO  manager.MyListener - WebDriver start find element -->>>By.cssSelector: div.dialog-container
19:11:22.526 INFO  manager.MyListener - The name of method with error -->>>findElement
19:11:22.529 INFO  manager.MyListener - We have a problem ----->>>>>org.openqa.selenium.NoSuchElementException: no such element: Unable to locate element: {"method":"css selector","selector":"div.dialog-container"}
  (Session info: chrome=103.0.5060.134)
For documentation on this error, please visit: https://selenium.dev/exceptions/#no_such_element
Build info: version: '4.2.2', revision: '683ccb65d6'
System info: host: 'VIKTOR', ip: '192.168.99.192', os.name: 'Windows 11', os.arch: 'amd64', os.version: '10.0', java.version: '11.0.15.1'
Driver info: org.openqa.selenium.chrome.ChromeDriver
Command: [e30e006c9cf8d908245642f0e9a9e902, findElement {using=css selector, value=div.dialog-container}]
Capabilities {acceptInsecureCerts: false, browserName: chrome, browserVersion: 103.0.5060.134, chrome: {chromedriverVersion: 102.0.5005.61 (0e59bcc00cc4..., userDataDir: C:\Users\Viktor\AppData\Loc...}, goog:chromeOptions: {debuggerAddress: localhost:63204}, networkConnectionEnabled: false, pageLoadStrategy: normal, platformName: WINDOWS, proxy: Proxy(), se:cdp: ws://localhost:63204/devtoo..., se:cdpVersion: 103.0.5060.134, setWindowRect: true, strictFileInteractability: false, timeouts: {implicit: 0, pageLoad: 300000, script: 30000}, unhandledPromptBehavior: dismiss and notify, webauthn:extension:credBlob: true, webauthn:extension:largeBlob: true, webauthn:virtualAuthenticators: true}
Session ID: e30e006c9cf8d908245642f0e9a9e902
19:11:32.584 INFO  tests.TestBase - Start test with name -->>>successLogin
19:11:42.638 INFO  tests.TestBase - Test start with email: viktor@gmail.com& password: Vviktor12345$
19:11:42.638 INFO  manager.MyListener - WebDriver start find element -->>>By.xpath: //*[@href='/login?url=%2Fsearch']
19:11:42.655 INFO  manager.MyListener - WebDriver found element by locator -->>>By.xpath: //*[@href='/login?url=%2Fsearch']
19:11:42.689 INFO  manager.MyListener - WebDriver start find element -->>>By.xpath: //input[@id='email']
19:11:42.704 INFO  manager.MyListener - WebDriver found element by locator -->>>By.xpath: //input[@id='email']
19:11:43.791 INFO  manager.MyListener - The name of method with error -->>>click
19:11:43.791 INFO  manager.MyListener - We have a problem ----->>>>>org.openqa.selenium.ElementClickInterceptedException: element click intercepted: Element <input _ngcontent-jfb-c100="" autocomplete="username" formcontrolname="email" id="email" type="email" class="ng-dirty ng-valid ng-touched"> is not clickable at point (1355, 289). Other element would receive the click: <div _ngcontent-jfb-c105="" class="login-registration-progress-container">...</div>
  (Session info: chrome=103.0.5060.134)
Build info: version: '4.2.2', revision: '683ccb65d6'
System info: host: 'VIKTOR', ip: '192.168.99.192', os.name: 'Windows 11', os.arch: 'amd64', os.version: '10.0', java.version: '11.0.15.1'
Driver info: org.openqa.selenium.chrome.ChromeDriver
Command: [e30e006c9cf8d908245642f0e9a9e902, clickElement {id=e2365d60-4d27-47f5-87e8-84616b0527ce}]
Capabilities {acceptInsecureCerts: false, browserName: chrome, browserVersion: 103.0.5060.134, chrome: {chromedriverVersion: 102.0.5005.61 (0e59bcc00cc4..., userDataDir: C:\Users\Viktor\AppData\Loc...}, goog:chromeOptions: {debuggerAddress: localhost:63204}, networkConnectionEnabled: false, pageLoadStrategy: normal, platformName: WINDOWS, proxy: Proxy(), se:cdp: ws://localhost:63204/devtoo..., se:cdpVersion: 103.0.5060.134, setWindowRect: true, strictFileInteractability: false, timeouts: {implicit: 0, pageLoad: 300000, script: 30000}, unhandledPromptBehavior: dismiss and notify, webauthn:extension:credBlob: true, webauthn:extension:largeBlob: true, webauthn:virtualAuthenticators: true}
Element: [[ChromeDriver: chrome on WINDOWS (e30e006c9cf8d908245642f0e9a9e902)] -> xpath: //input[@id='email']]
Session ID: e30e006c9cf8d908245642f0e9a9e902
19:11:53.857 INFO  tests.TestBase - Start test with name -->>>successLogin
19:11:56.040 INFO  tests.TestBase - Test start with email: viktor@gmail.com& password: Vviktor12345$
19:11:56.040 INFO  manager.MyListener - WebDriver start find element -->>>By.xpath: //*[@href='/login?url=%2Fsearch']
19:11:56.045 INFO  manager.MyListener - The name of method with error -->>>findElement
19:11:56.046 INFO  manager.MyListener - We have a problem ----->>>>>org.openqa.selenium.NoSuchWindowException: no such window: target window already closed
from unknown error: web view not found
  (Session info: chrome=103.0.5060.134)
Build info: version: '4.2.2', revision: '683ccb65d6'
System info: host: 'VIKTOR', ip: '192.168.99.192', os.name: 'Windows 11', os.arch: 'amd64', os.version: '10.0', java.version: '11.0.15.1'
Driver info: org.openqa.selenium.chrome.ChromeDriver
Command: [e30e006c9cf8d908245642f0e9a9e902, findElement {using=xpath, value=//*[@href='/login?url=%2Fsearch']}]
Capabilities {acceptInsecureCerts: false, browserName: chrome, browserVersion: 103.0.5060.134, chrome: {chromedriverVersion: 102.0.5005.61 (0e59bcc00cc4..., userDataDir: C:\Users\Viktor\AppData\Loc...}, goog:chromeOptions: {debuggerAddress: localhost:63204}, networkConnectionEnabled: false, pageLoadStrategy: normal, platformName: WINDOWS, proxy: Proxy(), se:cdp: ws://localhost:63204/devtoo..., se:cdpVersion: 103.0.5060.134, setWindowRect: true, strictFileInteractability: false, timeouts: {implicit: 0, pageLoad: 300000, script: 30000}, unhandledPromptBehavior: dismiss and notify, webauthn:extension:credBlob: true, webauthn:extension:largeBlob: true, webauthn:virtualAuthenticators: true}
Session ID: e30e006c9cf8d908245642f0e9a9e902
19:11:56.052 INFO  manager.MyListener - The name of method with error -->>>findElements
19:11:56.053 INFO  manager.MyListener - We have a problem ----->>>>>org.openqa.selenium.NoSuchWindowException: no such window: target window already closed
from unknown error: web view not found
  (Session info: chrome=103.0.5060.134)
Build info: version: '4.2.2', revision: '683ccb65d6'
System info: host: 'VIKTOR', ip: '192.168.99.192', os.name: 'Windows 11', os.arch: 'amd64', os.version: '10.0', java.version: '11.0.15.1'
Driver info: org.openqa.selenium.chrome.ChromeDriver
Command: [e30e006c9cf8d908245642f0e9a9e902, findElements {using=xpath, value=//button[text()='Ok']}]
Capabilities {acceptInsecureCerts: false, browserName: chrome, browserVersion: 103.0.5060.134, chrome: {chromedriverVersion: 102.0.5005.61 (0e59bcc00cc4..., userDataDir: C:\Users\Viktor\AppData\Loc...}, goog:chromeOptions: {debuggerAddress: localhost:63204}, networkConnectionEnabled: false, pageLoadStrategy: normal, platformName: WINDOWS, proxy: Proxy(), se:cdp: ws://localhost:63204/devtoo..., se:cdpVersion: 103.0.5060.134, setWindowRect: true, strictFileInteractability: false, timeouts: {implicit: 0, pageLoad: 300000, script: 30000}, unhandledPromptBehavior: dismiss and notify, webauthn:extension:credBlob: true, webauthn:extension:largeBlob: true, webauthn:virtualAuthenticators: true}
Session ID: e30e006c9cf8d908245642f0e9a9e902
