21:29:25.681 INFO  manager.ApplicationManager - All tests run in Chrome browser.
21:29:30.702 INFO  manager.ApplicationManager - Current Url-->>>https://ilcarro-1578153671498.web.app/search
21:29:30.729 INFO  tests.TestBase - Start test with name -->>>addNewCarSuccess
21:29:40.788 INFO  manager.MyListener - WebDriver start find element -->>>By.xpath: //*[@href='/login?url=%2Fsearch']
21:29:40.808 INFO  manager.MyListener - WebDriver found element by locator -->>>By.xpath: //*[@href='/login?url=%2Fsearch']
21:29:40.844 INFO  manager.MyListener - WebDriver start find element -->>>By.id: email
21:29:40.863 INFO  manager.MyListener - WebDriver found element by locator -->>>By.id: email
21:29:40.940 INFO  manager.MyListener - WebDriver start find element -->>>By.id: password
21:29:40.958 INFO  manager.MyListener - WebDriver found element by locator -->>>By.id: password
21:29:41.035 INFO  manager.MyListener - WebDriver start find element -->>>By.xpath: //button[@type='submit']
21:29:41.055 INFO  manager.MyListener - WebDriver found element by locator -->>>By.xpath: //button[@type='submit']
21:29:41.089 INFO  manager.MyListener - WebDriver start find element -->>>By.xpath: //button[@type='submit']
21:29:41.103 INFO  manager.MyListener - WebDriver found element by locator -->>>By.xpath: //button[@type='submit']
21:29:41.644 INFO  manager.MyListener - WebDriver start find element -->>>By.xpath: //button[text()='Ok']
21:29:41.660 INFO  manager.MyListener - WebDriver found element by locator -->>>By.xpath: //button[text()='Ok']
21:29:42.695 INFO  manager.MyListener - WebDriver start find element -->>>By.id: 1
21:29:42.709 INFO  manager.MyListener - WebDriver found element by locator -->>>By.id: 1
21:29:42.754 INFO  manager.MyListener - WebDriver start find element -->>>By.id: pickUpPlace
21:29:42.772 INFO  manager.MyListener - WebDriver found element by locator -->>>By.id: pickUpPlace
21:29:42.856 INFO  manager.MyListener - WebDriver start find element -->>>By.cssSelector: div.pac-item
21:29:43.424 INFO  manager.MyListener - WebDriver found element by locator -->>>By.cssSelector: div.pac-item
21:29:43.956 INFO  manager.MyListener - WebDriver start find element -->>>By.id: make
21:29:43.970 INFO  manager.MyListener - WebDriver found element by locator -->>>By.id: make
21:29:44.030 INFO  manager.MyListener - WebDriver start find element -->>>By.id: model
21:29:44.046 INFO  manager.MyListener - WebDriver found element by locator -->>>By.id: model
21:29:44.113 INFO  manager.MyListener - WebDriver start find element -->>>By.id: year
21:29:44.126 INFO  manager.MyListener - WebDriver found element by locator -->>>By.id: year
21:29:44.205 INFO  manager.MyListener - WebDriver start find element -->>>By.id: engine
21:29:44.221 INFO  manager.MyListener - WebDriver found element by locator -->>>By.id: engine
21:29:44.295 INFO  manager.MyListener - WebDriver start find element -->>>By.id: fuel
21:29:44.309 INFO  manager.MyListener - WebDriver found element by locator -->>>By.id: fuel
21:29:44.359 INFO  manager.MyListener - WebDriver start find element -->>>By.id: gear
21:29:44.374 INFO  manager.MyListener - WebDriver found element by locator -->>>By.id: gear
21:29:44.414 INFO  manager.MyListener - WebDriver start find element -->>>By.id: wheelsDrive
21:29:44.427 INFO  manager.MyListener - WebDriver found element by locator -->>>By.id: wheelsDrive
21:29:44.473 INFO  manager.MyListener - WebDriver start find element -->>>By.id: doors
21:29:44.490 INFO  manager.MyListener - WebDriver found element by locator -->>>By.id: doors
21:29:44.580 INFO  manager.MyListener - WebDriver start find element -->>>By.id: seats
21:29:44.597 INFO  manager.MyListener - WebDriver found element by locator -->>>By.id: seats
21:29:44.688 INFO  manager.MyListener - WebDriver start find element -->>>By.id: class
21:29:44.702 INFO  manager.MyListener - WebDriver found element by locator -->>>By.id: class
21:29:44.781 INFO  manager.MyListener - WebDriver start find element -->>>By.id: fuelConsumption
21:29:44.800 INFO  manager.MyListener - WebDriver found element by locator -->>>By.id: fuelConsumption
21:29:44.896 INFO  manager.MyListener - WebDriver start find element -->>>By.id: serialNumber
21:29:44.913 INFO  manager.MyListener - WebDriver found element by locator -->>>By.id: serialNumber
21:29:45.016 INFO  manager.MyListener - WebDriver start find element -->>>By.id: price
21:29:45.037 INFO  manager.MyListener - WebDriver found element by locator -->>>By.id: price
21:29:45.124 INFO  manager.MyListener - WebDriver start find element -->>>By.id: distance
21:29:45.138 INFO  manager.MyListener - WebDriver found element by locator -->>>By.id: distance
21:29:45.221 INFO  manager.MyListener - WebDriver start find element -->>>By.cssSelector: input[placeholder='Type feature']
21:29:45.235 INFO  manager.MyListener - WebDriver found element by locator -->>>By.cssSelector: input[placeholder='Type feature']
21:29:45.319 INFO  manager.MyListener - WebDriver start find element -->>>By.id: about
21:29:45.334 INFO  manager.MyListener - WebDriver found element by locator -->>>By.id: about
21:29:45.429 INFO  manager.MyListener - WebDriver start find element -->>>By.id: photos
21:29:45.443 INFO  manager.MyListener - WebDriver found element by locator -->>>By.id: photos
21:29:48.487 INFO  manager.MyListener - WebDriver start find element -->>>By.xpath: //button[@type='submit']
21:29:48.502 INFO  manager.MyListener - WebDriver found element by locator -->>>By.xpath: //button[@type='submit']
21:29:48.519 INFO  manager.MyListener - WebDriver start find element -->>>By.xpath: //button[@type='submit']
21:29:48.529 INFO  manager.MyListener - WebDriver found element by locator -->>>By.xpath: //button[@type='submit']
21:29:50.555 INFO  manager.MyListener - WebDriver start find element -->>>By.cssSelector: div.dialog-container
21:29:50.569 INFO  manager.MyListener - WebDriver found element by locator -->>>By.cssSelector: div.dialog-container
21:29:50.579 INFO  manager.MyListener - WebDriver start find element -->>>By.cssSelector: div.dialog-container h1
21:29:50.591 INFO  manager.MyListener - WebDriver found element by locator -->>>By.cssSelector: div.dialog-container h1
21:29:50.605 INFO  manager.MyListener - WebDriver start find element -->>>By.cssSelector: .header
21:29:50.617 INFO  manager.MyListener - WebDriver found element by locator -->>>By.cssSelector: .header
21:29:50.622 INFO  manager.MyListener - WebDriver start find element -->>>By.xpath: //button[text()='Search cars']
21:29:50.634 INFO  manager.MyListener - WebDriver found element by locator -->>>By.xpath: //button[text()='Search cars']
21:29:50.664 INFO  tests.TestBase - Start test with name -->>>successLoginDP
21:30:00.728 INFO  tests.TestBase - Test start with email: viktor@gmail.com& password: Vviktor12345$
21:30:00.728 INFO  manager.MyListener - WebDriver start find element -->>>By.xpath: //*[@href='/login?url=%2Fsearch']
21:30:10.794 INFO  manager.MyListener - The name of method with error -->>>findElement
21:30:10.797 INFO  manager.MyListener - We have a problem ----->>>>>org.openqa.selenium.NoSuchElementException: no such element: Unable to locate element: {"method":"xpath","selector":"//*[@href='/login?url=%2Fsearch']"}
  (Session info: chrome=103.0.5060.134)
For documentation on this error, please visit: https://selenium.dev/exceptions/#no_such_element
Build info: version: '4.2.2', revision: '683ccb65d6'
System info: host: 'VIKTOR', ip: '192.168.165.192', os.name: 'Windows 11', os.arch: 'amd64', os.version: '10.0', java.version: '11.0.15.1'
Driver info: org.openqa.selenium.chrome.ChromeDriver
Command: [78ccff9974d8bff1b03dbac772799cdc, findElement {using=xpath, value=//*[@href='/login?url=%2Fsearch']}]
Capabilities {acceptInsecureCerts: false, browserName: chrome, browserVersion: 103.0.5060.134, chrome: {chromedriverVersion: 102.0.5005.61 (0e59bcc00cc4..., userDataDir: C:\Users\Viktor\AppData\Loc...}, goog:chromeOptions: {debuggerAddress: localhost:61417}, networkConnectionEnabled: false, pageLoadStrategy: normal, platformName: WINDOWS, proxy: Proxy(), se:cdp: ws://localhost:61417/devtoo..., se:cdpVersion: 103.0.5060.134, setWindowRect: true, strictFileInteractability: false, timeouts: {implicit: 0, pageLoad: 300000, script: 30000}, unhandledPromptBehavior: dismiss and notify, webauthn:extension:credBlob: true, webauthn:extension:largeBlob: true, webauthn:virtualAuthenticators: true}
Session ID: 78ccff9974d8bff1b03dbac772799cdc
21:30:20.828 INFO  tests.TestBase - Start test with name -->>>successLoginDP
21:30:30.871 INFO  tests.TestBase - Test start with email: viktor@gmail.com& password: Vviktor12345$
21:30:30.871 INFO  manager.MyListener - WebDriver start find element -->>>By.xpath: //*[@href='/login?url=%2Fsearch']
21:30:40.895 INFO  manager.MyListener - The name of method with error -->>>findElement
21:30:40.895 INFO  manager.MyListener - We have a problem ----->>>>>org.openqa.selenium.NoSuchElementException: no such element: Unable to locate element: {"method":"xpath","selector":"//*[@href='/login?url=%2Fsearch']"}
  (Session info: chrome=103.0.5060.134)
For documentation on this error, please visit: https://selenium.dev/exceptions/#no_such_element
Build info: version: '4.2.2', revision: '683ccb65d6'
System info: host: 'VIKTOR', ip: '192.168.165.192', os.name: 'Windows 11', os.arch: 'amd64', os.version: '10.0', java.version: '11.0.15.1'
Driver info: org.openqa.selenium.chrome.ChromeDriver
Command: [78ccff9974d8bff1b03dbac772799cdc, findElement {using=xpath, value=//*[@href='/login?url=%2Fsearch']}]
Capabilities {acceptInsecureCerts: false, browserName: chrome, browserVersion: 103.0.5060.134, chrome: {chromedriverVersion: 102.0.5005.61 (0e59bcc00cc4..., userDataDir: C:\Users\Viktor\AppData\Loc...}, goog:chromeOptions: {debuggerAddress: localhost:61417}, networkConnectionEnabled: false, pageLoadStrategy: normal, platformName: WINDOWS, proxy: Proxy(), se:cdp: ws://localhost:61417/devtoo..., se:cdpVersion: 103.0.5060.134, setWindowRect: true, strictFileInteractability: false, timeouts: {implicit: 0, pageLoad: 300000, script: 30000}, unhandledPromptBehavior: dismiss and notify, webauthn:extension:credBlob: true, webauthn:extension:largeBlob: true, webauthn:virtualAuthenticators: true}
Session ID: 78ccff9974d8bff1b03dbac772799cdc
21:30:50.928 INFO  tests.TestBase - Start test with name -->>>successLoginDP
21:31:00.953 INFO  tests.TestBase - Test start with email: viktor@gmail.com& password: Vviktor12345$
21:31:00.954 INFO  manager.MyListener - WebDriver start find element -->>>By.xpath: //*[@href='/login?url=%2Fsearch']
21:31:10.977 INFO  manager.MyListener - The name of method with error -->>>findElement
21:31:10.977 INFO  manager.MyListener - We have a problem ----->>>>>org.openqa.selenium.NoSuchElementException: no such element: Unable to locate element: {"method":"xpath","selector":"//*[@href='/login?url=%2Fsearch']"}
  (Session info: chrome=103.0.5060.134)
For documentation on this error, please visit: https://selenium.dev/exceptions/#no_such_element
Build info: version: '4.2.2', revision: '683ccb65d6'
System info: host: 'VIKTOR', ip: '192.168.165.192', os.name: 'Windows 11', os.arch: 'amd64', os.version: '10.0', java.version: '11.0.15.1'
Driver info: org.openqa.selenium.chrome.ChromeDriver
Command: [78ccff9974d8bff1b03dbac772799cdc, findElement {using=xpath, value=//*[@href='/login?url=%2Fsearch']}]
Capabilities {acceptInsecureCerts: false, browserName: chrome, browserVersion: 103.0.5060.134, chrome: {chromedriverVersion: 102.0.5005.61 (0e59bcc00cc4..., userDataDir: C:\Users\Viktor\AppData\Loc...}, goog:chromeOptions: {debuggerAddress: localhost:61417}, networkConnectionEnabled: false, pageLoadStrategy: normal, platformName: WINDOWS, proxy: Proxy(), se:cdp: ws://localhost:61417/devtoo..., se:cdpVersion: 103.0.5060.134, setWindowRect: true, strictFileInteractability: false, timeouts: {implicit: 0, pageLoad: 300000, script: 30000}, unhandledPromptBehavior: dismiss and notify, webauthn:extension:credBlob: true, webauthn:extension:largeBlob: true, webauthn:virtualAuthenticators: true}
Session ID: 78ccff9974d8bff1b03dbac772799cdc
21:31:20.986 INFO  tests.TestBase - Start test with name -->>>successLoginDP
21:31:30.999 INFO  tests.TestBase - Test start with email: viktor@gmail.com& password: Vviktor12345$
21:31:31.000 INFO  manager.MyListener - WebDriver start find element -->>>By.xpath: //*[@href='/login?url=%2Fsearch']
21:31:41.014 INFO  manager.MyListener - The name of method with error -->>>findElement
21:31:41.014 INFO  manager.MyListener - We have a problem ----->>>>>org.openqa.selenium.NoSuchElementException: no such element: Unable to locate element: {"method":"xpath","selector":"//*[@href='/login?url=%2Fsearch']"}
  (Session info: chrome=103.0.5060.134)
For documentation on this error, please visit: https://selenium.dev/exceptions/#no_such_element
Build info: version: '4.2.2', revision: '683ccb65d6'
System info: host: 'VIKTOR', ip: '192.168.165.192', os.name: 'Windows 11', os.arch: 'amd64', os.version: '10.0', java.version: '11.0.15.1'
Driver info: org.openqa.selenium.chrome.ChromeDriver
Command: [78ccff9974d8bff1b03dbac772799cdc, findElement {using=xpath, value=//*[@href='/login?url=%2Fsearch']}]
Capabilities {acceptInsecureCerts: false, browserName: chrome, browserVersion: 103.0.5060.134, chrome: {chromedriverVersion: 102.0.5005.61 (0e59bcc00cc4..., userDataDir: C:\Users\Viktor\AppData\Loc...}, goog:chromeOptions: {debuggerAddress: localhost:61417}, networkConnectionEnabled: false, pageLoadStrategy: normal, platformName: WINDOWS, proxy: Proxy(), se:cdp: ws://localhost:61417/devtoo..., se:cdpVersion: 103.0.5060.134, setWindowRect: true, strictFileInteractability: false, timeouts: {implicit: 0, pageLoad: 300000, script: 30000}, unhandledPromptBehavior: dismiss and notify, webauthn:extension:credBlob: true, webauthn:extension:largeBlob: true, webauthn:virtualAuthenticators: true}
Session ID: 78ccff9974d8bff1b03dbac772799cdc
21:31:51.049 INFO  tests.TestBase - Start test with name -->>>successLoginDpCSV
21:32:01.101 INFO  tests.TestBase - Test start with email: viktor@gmail.com& password: Vviktor12345$
21:32:01.101 INFO  manager.MyListener - WebDriver start find element -->>>By.xpath: //*[@href='/login?url=%2Fsearch']
21:32:11.127 INFO  manager.MyListener - The name of method with error -->>>findElement
21:32:11.127 INFO  manager.MyListener - We have a problem ----->>>>>org.openqa.selenium.NoSuchElementException: no such element: Unable to locate element: {"method":"xpath","selector":"//*[@href='/login?url=%2Fsearch']"}
  (Session info: chrome=103.0.5060.134)
For documentation on this error, please visit: https://selenium.dev/exceptions/#no_such_element
Build info: version: '4.2.2', revision: '683ccb65d6'
System info: host: 'VIKTOR', ip: '192.168.165.192', os.name: 'Windows 11', os.arch: 'amd64', os.version: '10.0', java.version: '11.0.15.1'
Driver info: org.openqa.selenium.chrome.ChromeDriver
Command: [78ccff9974d8bff1b03dbac772799cdc, findElement {using=xpath, value=//*[@href='/login?url=%2Fsearch']}]
Capabilities {acceptInsecureCerts: false, browserName: chrome, browserVersion: 103.0.5060.134, chrome: {chromedriverVersion: 102.0.5005.61 (0e59bcc00cc4..., userDataDir: C:\Users\Viktor\AppData\Loc...}, goog:chromeOptions: {debuggerAddress: localhost:61417}, networkConnectionEnabled: false, pageLoadStrategy: normal, platformName: WINDOWS, proxy: Proxy(), se:cdp: ws://localhost:61417/devtoo..., se:cdpVersion: 103.0.5060.134, setWindowRect: true, strictFileInteractability: false, timeouts: {implicit: 0, pageLoad: 300000, script: 30000}, unhandledPromptBehavior: dismiss and notify, webauthn:extension:credBlob: true, webauthn:extension:largeBlob: true, webauthn:virtualAuthenticators: true}
Session ID: 78ccff9974d8bff1b03dbac772799cdc
21:32:21.153 INFO  tests.TestBase - Start test with name -->>>successLoginDpCSV
21:32:31.174 INFO  tests.TestBase - Test start with email: noa@gmail.com& password: Nnoa12345$
21:32:31.175 INFO  manager.MyListener - WebDriver start find element -->>>By.xpath: //*[@href='/login?url=%2Fsearch']
21:32:41.180 INFO  manager.MyListener - The name of method with error -->>>findElement
21:32:41.180 INFO  manager.MyListener - We have a problem ----->>>>>org.openqa.selenium.NoSuchElementException: no such element: Unable to locate element: {"method":"xpath","selector":"//*[@href='/login?url=%2Fsearch']"}
  (Session info: chrome=103.0.5060.134)
For documentation on this error, please visit: https://selenium.dev/exceptions/#no_such_element
Build info: version: '4.2.2', revision: '683ccb65d6'
System info: host: 'VIKTOR', ip: '192.168.165.192', os.name: 'Windows 11', os.arch: 'amd64', os.version: '10.0', java.version: '11.0.15.1'
Driver info: org.openqa.selenium.chrome.ChromeDriver
Command: [78ccff9974d8bff1b03dbac772799cdc, findElement {using=xpath, value=//*[@href='/login?url=%2Fsearch']}]
Capabilities {acceptInsecureCerts: false, browserName: chrome, browserVersion: 103.0.5060.134, chrome: {chromedriverVersion: 102.0.5005.61 (0e59bcc00cc4..., userDataDir: C:\Users\Viktor\AppData\Loc...}, goog:chromeOptions: {debuggerAddress: localhost:61417}, networkConnectionEnabled: false, pageLoadStrategy: normal, platformName: WINDOWS, proxy: Proxy(), se:cdp: ws://localhost:61417/devtoo..., se:cdpVersion: 103.0.5060.134, setWindowRect: true, strictFileInteractability: false, timeouts: {implicit: 0, pageLoad: 300000, script: 30000}, unhandledPromptBehavior: dismiss and notify, webauthn:extension:credBlob: true, webauthn:extension:largeBlob: true, webauthn:virtualAuthenticators: true}
Session ID: 78ccff9974d8bff1b03dbac772799cdc
21:32:51.193 INFO  tests.TestBase - Start test with name -->>>successLoginDpCSV
21:33:01.235 INFO  tests.TestBase - Test start with email: sonya@gmail.com& password: Ss12345$
21:33:01.236 INFO  manager.MyListener - WebDriver start find element -->>>By.xpath: //*[@href='/login?url=%2Fsearch']
21:33:11.266 INFO  manager.MyListener - The name of method with error -->>>findElement
21:33:11.266 INFO  manager.MyListener - We have a problem ----->>>>>org.openqa.selenium.NoSuchElementException: no such element: Unable to locate element: {"method":"xpath","selector":"//*[@href='/login?url=%2Fsearch']"}
  (Session info: chrome=103.0.5060.134)
For documentation on this error, please visit: https://selenium.dev/exceptions/#no_such_element
Build info: version: '4.2.2', revision: '683ccb65d6'
System info: host: 'VIKTOR', ip: '192.168.165.192', os.name: 'Windows 11', os.arch: 'amd64', os.version: '10.0', java.version: '11.0.15.1'
Driver info: org.openqa.selenium.chrome.ChromeDriver
Command: [78ccff9974d8bff1b03dbac772799cdc, findElement {using=xpath, value=//*[@href='/login?url=%2Fsearch']}]
Capabilities {acceptInsecureCerts: false, browserName: chrome, browserVersion: 103.0.5060.134, chrome: {chromedriverVersion: 102.0.5005.61 (0e59bcc00cc4..., userDataDir: C:\Users\Viktor\AppData\Loc...}, goog:chromeOptions: {debuggerAddress: localhost:61417}, networkConnectionEnabled: false, pageLoadStrategy: normal, platformName: WINDOWS, proxy: Proxy(), se:cdp: ws://localhost:61417/devtoo..., se:cdpVersion: 103.0.5060.134, setWindowRect: true, strictFileInteractability: false, timeouts: {implicit: 0, pageLoad: 300000, script: 30000}, unhandledPromptBehavior: dismiss and notify, webauthn:extension:credBlob: true, webauthn:extension:largeBlob: true, webauthn:virtualAuthenticators: true}
Session ID: 78ccff9974d8bff1b03dbac772799cdc
21:33:21.309 INFO  tests.TestBase - Start test with name -->>>successLoginDpCSV
21:33:31.338 INFO  tests.TestBase - Test start with email: viktor@gmail.com& password: Vviktor12345$
21:33:31.339 INFO  manager.MyListener - WebDriver start find element -->>>By.xpath: //*[@href='/login?url=%2Fsearch']
21:33:41.395 INFO  manager.MyListener - The name of method with error -->>>findElement
21:33:41.395 INFO  manager.MyListener - We have a problem ----->>>>>org.openqa.selenium.NoSuchElementException: no such element: Unable to locate element: {"method":"xpath","selector":"//*[@href='/login?url=%2Fsearch']"}
  (Session info: chrome=103.0.5060.134)
For documentation on this error, please visit: https://selenium.dev/exceptions/#no_such_element
Build info: version: '4.2.2', revision: '683ccb65d6'
System info: host: 'VIKTOR', ip: '192.168.165.192', os.name: 'Windows 11', os.arch: 'amd64', os.version: '10.0', java.version: '11.0.15.1'
Driver info: org.openqa.selenium.chrome.ChromeDriver
Command: [78ccff9974d8bff1b03dbac772799cdc, findElement {using=xpath, value=//*[@href='/login?url=%2Fsearch']}]
Capabilities {acceptInsecureCerts: false, browserName: chrome, browserVersion: 103.0.5060.134, chrome: {chromedriverVersion: 102.0.5005.61 (0e59bcc00cc4..., userDataDir: C:\Users\Viktor\AppData\Loc...}, goog:chromeOptions: {debuggerAddress: localhost:61417}, networkConnectionEnabled: false, pageLoadStrategy: normal, platformName: WINDOWS, proxy: Proxy(), se:cdp: ws://localhost:61417/devtoo..., se:cdpVersion: 103.0.5060.134, setWindowRect: true, strictFileInteractability: false, timeouts: {implicit: 0, pageLoad: 300000, script: 30000}, unhandledPromptBehavior: dismiss and notify, webauthn:extension:credBlob: true, webauthn:extension:largeBlob: true, webauthn:virtualAuthenticators: true}
Session ID: 78ccff9974d8bff1b03dbac772799cdc
21:33:51.417 INFO  tests.TestBase - Start test with name -->>>successLoginDpCSV
21:34:01.477 INFO  tests.TestBase - Test start with email: noa@gmail.com& password: Nnoa12345$
21:34:01.478 INFO  manager.MyListener - WebDriver start find element -->>>By.xpath: //*[@href='/login?url=%2Fsearch']
21:34:11.484 INFO  manager.MyListener - The name of method with error -->>>findElement
21:34:11.484 INFO  manager.MyListener - We have a problem ----->>>>>org.openqa.selenium.NoSuchElementException: no such element: Unable to locate element: {"method":"xpath","selector":"//*[@href='/login?url=%2Fsearch']"}
  (Session info: chrome=103.0.5060.134)
For documentation on this error, please visit: https://selenium.dev/exceptions/#no_such_element
Build info: version: '4.2.2', revision: '683ccb65d6'
System info: host: 'VIKTOR', ip: '192.168.165.192', os.name: 'Windows 11', os.arch: 'amd64', os.version: '10.0', java.version: '11.0.15.1'
Driver info: org.openqa.selenium.chrome.ChromeDriver
Command: [78ccff9974d8bff1b03dbac772799cdc, findElement {using=xpath, value=//*[@href='/login?url=%2Fsearch']}]
Capabilities {acceptInsecureCerts: false, browserName: chrome, browserVersion: 103.0.5060.134, chrome: {chromedriverVersion: 102.0.5005.61 (0e59bcc00cc4..., userDataDir: C:\Users\Viktor\AppData\Loc...}, goog:chromeOptions: {debuggerAddress: localhost:61417}, networkConnectionEnabled: false, pageLoadStrategy: normal, platformName: WINDOWS, proxy: Proxy(), se:cdp: ws://localhost:61417/devtoo..., se:cdpVersion: 103.0.5060.134, setWindowRect: true, strictFileInteractability: false, timeouts: {implicit: 0, pageLoad: 300000, script: 30000}, unhandledPromptBehavior: dismiss and notify, webauthn:extension:credBlob: true, webauthn:extension:largeBlob: true, webauthn:virtualAuthenticators: true}
Session ID: 78ccff9974d8bff1b03dbac772799cdc
21:34:21.500 INFO  tests.TestBase - Start test with name -->>>successLoginDpCSV
21:34:31.507 INFO  tests.TestBase - Test start with email: sonya@gmail.com& password: Ss12345$
21:34:31.508 INFO  manager.MyListener - WebDriver start find element -->>>By.xpath: //*[@href='/login?url=%2Fsearch']
21:34:41.519 INFO  manager.MyListener - The name of method with error -->>>findElement
21:34:41.519 INFO  manager.MyListener - We have a problem ----->>>>>org.openqa.selenium.NoSuchElementException: no such element: Unable to locate element: {"method":"xpath","selector":"//*[@href='/login?url=%2Fsearch']"}
  (Session info: chrome=103.0.5060.134)
For documentation on this error, please visit: https://selenium.dev/exceptions/#no_such_element
Build info: version: '4.2.2', revision: '683ccb65d6'
System info: host: 'VIKTOR', ip: '192.168.165.192', os.name: 'Windows 11', os.arch: 'amd64', os.version: '10.0', java.version: '11.0.15.1'
Driver info: org.openqa.selenium.chrome.ChromeDriver
Command: [78ccff9974d8bff1b03dbac772799cdc, findElement {using=xpath, value=//*[@href='/login?url=%2Fsearch']}]
Capabilities {acceptInsecureCerts: false, browserName: chrome, browserVersion: 103.0.5060.134, chrome: {chromedriverVersion: 102.0.5005.61 (0e59bcc00cc4..., userDataDir: C:\Users\Viktor\AppData\Loc...}, goog:chromeOptions: {debuggerAddress: localhost:61417}, networkConnectionEnabled: false, pageLoadStrategy: normal, platformName: WINDOWS, proxy: Proxy(), se:cdp: ws://localhost:61417/devtoo..., se:cdpVersion: 103.0.5060.134, setWindowRect: true, strictFileInteractability: false, timeouts: {implicit: 0, pageLoad: 300000, script: 30000}, unhandledPromptBehavior: dismiss and notify, webauthn:extension:credBlob: true, webauthn:extension:largeBlob: true, webauthn:virtualAuthenticators: true}
Session ID: 78ccff9974d8bff1b03dbac772799cdc
21:34:51.574 INFO  tests.TestBase - Start test with name -->>>RegistrationWrongPasswordFormat
21:35:01.618 INFO  manager.MyListener - WebDriver start find element -->>>By.xpath: //a[text()=' Sign up ']
21:35:11.639 INFO  manager.MyListener - The name of method with error -->>>findElement
21:35:11.639 INFO  manager.MyListener - We have a problem ----->>>>>org.openqa.selenium.NoSuchElementException: no such element: Unable to locate element: {"method":"xpath","selector":"//a[text()=' Sign up ']"}
  (Session info: chrome=103.0.5060.134)
For documentation on this error, please visit: https://selenium.dev/exceptions/#no_such_element
Build info: version: '4.2.2', revision: '683ccb65d6'
System info: host: 'VIKTOR', ip: '192.168.165.192', os.name: 'Windows 11', os.arch: 'amd64', os.version: '10.0', java.version: '11.0.15.1'
Driver info: org.openqa.selenium.chrome.ChromeDriver
Command: [78ccff9974d8bff1b03dbac772799cdc, findElement {using=xpath, value=//a[text()=' Sign up ']}]
Capabilities {acceptInsecureCerts: false, browserName: chrome, browserVersion: 103.0.5060.134, chrome: {chromedriverVersion: 102.0.5005.61 (0e59bcc00cc4..., userDataDir: C:\Users\Viktor\AppData\Loc...}, goog:chromeOptions: {debuggerAddress: localhost:61417}, networkConnectionEnabled: false, pageLoadStrategy: normal, platformName: WINDOWS, proxy: Proxy(), se:cdp: ws://localhost:61417/devtoo..., se:cdpVersion: 103.0.5060.134, setWindowRect: true, strictFileInteractability: false, timeouts: {implicit: 0, pageLoad: 300000, script: 30000}, unhandledPromptBehavior: dismiss and notify, webauthn:extension:credBlob: true, webauthn:extension:largeBlob: true, webauthn:virtualAuthenticators: true}
Session ID: 78ccff9974d8bff1b03dbac772799cdc
21:35:21.663 INFO  tests.TestBase - Start test with name -->>>registrationSuccess
21:35:31.679 INFO  manager.MyListener - WebDriver start find element -->>>By.xpath: //a[text()=' Sign up ']
