00:44:44.787 INFO  manager.ApplicationManager - All tests run in Chrome browser.
00:44:56.905 INFO  manager.ApplicationManager - Current Url-->>>https://ilcarro-1578153671498.web.app/search
00:44:56.933 INFO  tests.TestBase - Start test with name -->>>searchAnyPeriod
00:44:56.934 INFO  manager.MyListener - WebDriver start find element -->>>By.xpath: //*[@id='city']
00:44:56.953 INFO  manager.MyListener - WebDriver found element by locator -->>>By.xpath: //*[@id='city']
00:44:56.989 INFO  manager.MyListener - WebDriver start find element -->>>By.xpath: //*[@id='dates']
00:44:57.007 INFO  manager.MyListener - WebDriver found element by locator -->>>By.xpath: //*[@id='dates']
00:44:57.072 INFO  manager.MyListener - WebDriver start find element -->>>By.id: city
00:44:57.087 INFO  manager.MyListener - WebDriver found element by locator -->>>By.id: city
00:44:58.160 INFO  manager.MyListener - The name of method with error -->>>click
00:44:58.162 INFO  manager.MyListener - We have a problem ----->>>>>org.openqa.selenium.ElementClickInterceptedException: element click intercepted: Element <input _ngcontent-aro-c72="" formcontrolname="city" id="city" placeholder="" type="text" class="ng-pristine ng-invalid pac-target-input ng-touched" autocomplete="off"> is not clickable at point (335, 266). Other element would receive the click: <div class="cdk-overlay-backdrop mat-overlay-transparent-backdrop cdk-overlay-backdrop-showing"></div>
  (Session info: chrome=103.0.5060.134)
Build info: version: '4.2.2', revision: '683ccb65d6'
System info: host: 'VIKTOR', ip: '192.168.99.192', os.name: 'Windows 11', os.arch: 'amd64', os.version: '10.0', java.version: '11.0.15.1'
Driver info: org.openqa.selenium.chrome.ChromeDriver
Command: [44976a7d6d1e47e2e218cf3c1f422d48, clickElement {id=db46ab66-ec57-4616-94bc-046b5f31e113}]
Capabilities {acceptInsecureCerts: false, browserName: chrome, browserVersion: 103.0.5060.134, chrome: {chromedriverVersion: 102.0.5005.61 (0e59bcc00cc4..., userDataDir: C:\Users\Viktor\AppData\Loc...}, goog:chromeOptions: {debuggerAddress: localhost:61426}, networkConnectionEnabled: false, pageLoadStrategy: normal, platformName: WINDOWS, proxy: Proxy(), se:cdp: ws://localhost:61426/devtoo..., se:cdpVersion: 103.0.5060.134, setWindowRect: true, strictFileInteractability: false, timeouts: {implicit: 0, pageLoad: 300000, script: 30000}, unhandledPromptBehavior: dismiss and notify, webauthn:extension:credBlob: true, webauthn:extension:largeBlob: true, webauthn:virtualAuthenticators: true}
Element: [[ChromeDriver: chrome on WINDOWS (44976a7d6d1e47e2e218cf3c1f422d48)] -> id: city]
Session ID: 44976a7d6d1e47e2e218cf3c1f422d48
00:44:58.165 INFO  manager.MyListener - WebDriver start find element -->>>By.cssSelector: .logo
00:44:58.181 INFO  manager.MyListener - WebDriver found element by locator -->>>By.cssSelector: .logo
00:44:59.255 INFO  manager.MyListener - The name of method with error -->>>click
00:44:59.256 INFO  manager.MyListener - We have a problem ----->>>>>org.openqa.selenium.ElementClickInterceptedException: element click intercepted: Element <a _ngcontent-aro-c25="" href="/" class="logo">...</a> is not clickable at point (262, 34). Other element would receive the click: <div class="cdk-overlay-backdrop mat-overlay-transparent-backdrop cdk-overlay-backdrop-showing"></div>
  (Session info: chrome=103.0.5060.134)
Build info: version: '4.2.2', revision: '683ccb65d6'
System info: host: 'VIKTOR', ip: '192.168.99.192', os.name: 'Windows 11', os.arch: 'amd64', os.version: '10.0', java.version: '11.0.15.1'
Driver info: org.openqa.selenium.chrome.ChromeDriver
Command: [44976a7d6d1e47e2e218cf3c1f422d48, clickElement {id=b672406f-f822-418b-8203-ab0e2f950ff2}]
Capabilities {acceptInsecureCerts: false, browserName: chrome, browserVersion: 103.0.5060.134, chrome: {chromedriverVersion: 102.0.5005.61 (0e59bcc00cc4..., userDataDir: C:\Users\Viktor\AppData\Loc...}, goog:chromeOptions: {debuggerAddress: localhost:61426}, networkConnectionEnabled: false, pageLoadStrategy: normal, platformName: WINDOWS, proxy: Proxy(), se:cdp: ws://localhost:61426/devtoo..., se:cdpVersion: 103.0.5060.134, setWindowRect: true, strictFileInteractability: false, timeouts: {implicit: 0, pageLoad: 300000, script: 30000}, unhandledPromptBehavior: dismiss and notify, webauthn:extension:credBlob: true, webauthn:extension:largeBlob: true, webauthn:virtualAuthenticators: true}
Element: [[ChromeDriver: chrome on WINDOWS (44976a7d6d1e47e2e218cf3c1f422d48)] -> css selector: .logo]
Session ID: 44976a7d6d1e47e2e218cf3c1f422d48
