21:19:05.497 INFO  manager.ApplicationManager - All tests run in Chrome browser.
21:19:11.467 INFO  manager.ApplicationManager - Current Url-->>>https://ilcarro-1578153671498.web.app/search
21:19:11.495 INFO  tests.TestBase - Start test with name -->>>addNewCarSuccess
21:19:21.520 INFO  manager.MyListener - WebDriver start find element -->>>By.xpath: //*[@href='/login?url=%2Fsearch']
21:19:21.538 INFO  manager.MyListener - WebDriver found element by locator -->>>By.xpath: //*[@href='/login?url=%2Fsearch']
21:19:21.572 INFO  manager.MyListener - WebDriver start find element -->>>By.id: email
21:19:21.593 INFO  manager.MyListener - WebDriver found element by locator -->>>By.id: email
21:19:21.673 INFO  manager.MyListener - WebDriver start find element -->>>By.id: password
21:19:21.691 INFO  manager.MyListener - WebDriver found element by locator -->>>By.id: password
21:19:21.773 INFO  manager.MyListener - WebDriver start find element -->>>By.xpath: //button[@type='submit']
21:19:21.790 INFO  manager.MyListener - WebDriver found element by locator -->>>By.xpath: //button[@type='submit']
21:19:21.819 INFO  manager.MyListener - WebDriver start find element -->>>By.xpath: //button[@type='submit']
21:19:21.833 INFO  manager.MyListener - WebDriver found element by locator -->>>By.xpath: //button[@type='submit']
21:19:22.375 INFO  manager.MyListener - WebDriver start find element -->>>By.xpath: //button[text()='Ok']
21:19:22.391 INFO  manager.MyListener - WebDriver found element by locator -->>>By.xpath: //button[text()='Ok']
21:19:23.420 INFO  manager.MyListener - WebDriver start find element -->>>By.id: 1
21:19:23.435 INFO  manager.MyListener - WebDriver found element by locator -->>>By.id: 1
21:19:23.479 INFO  manager.MyListener - WebDriver start find element -->>>By.id: pickUpPlace
21:19:23.493 INFO  manager.MyListener - WebDriver found element by locator -->>>By.id: pickUpPlace
21:19:23.572 INFO  manager.MyListener - WebDriver start find element -->>>By.cssSelector: div.pac-item
21:19:24.135 INFO  manager.MyListener - WebDriver found element by locator -->>>By.cssSelector: div.pac-item
21:19:24.660 INFO  manager.MyListener - WebDriver start find element -->>>By.id: make
21:19:24.673 INFO  manager.MyListener - WebDriver found element by locator -->>>By.id: make
21:19:24.739 INFO  manager.MyListener - WebDriver start find element -->>>By.id: model
21:19:24.752 INFO  manager.MyListener - WebDriver found element by locator -->>>By.id: model
21:19:24.822 INFO  manager.MyListener - WebDriver start find element -->>>By.id: year
21:19:24.837 INFO  manager.MyListener - WebDriver found element by locator -->>>By.id: year
21:19:24.917 INFO  manager.MyListener - WebDriver start find element -->>>By.id: engine
21:19:24.932 INFO  manager.MyListener - WebDriver found element by locator -->>>By.id: engine
21:19:25.007 INFO  manager.MyListener - WebDriver start find element -->>>By.id: fuel
21:19:25.024 INFO  manager.MyListener - WebDriver found element by locator -->>>By.id: fuel
21:19:25.074 INFO  manager.MyListener - WebDriver start find element -->>>By.id: gear
21:19:25.089 INFO  manager.MyListener - WebDriver found element by locator -->>>By.id: gear
21:19:25.130 INFO  manager.MyListener - WebDriver start find element -->>>By.id: wheelsDrive
21:19:25.144 INFO  manager.MyListener - WebDriver found element by locator -->>>By.id: wheelsDrive
21:19:25.189 INFO  manager.MyListener - WebDriver start find element -->>>By.id: doors
21:19:25.204 INFO  manager.MyListener - WebDriver found element by locator -->>>By.id: doors
21:19:25.287 INFO  manager.MyListener - WebDriver start find element -->>>By.id: seats
21:19:25.303 INFO  manager.MyListener - WebDriver found element by locator -->>>By.id: seats
21:19:25.389 INFO  manager.MyListener - WebDriver start find element -->>>By.id: class
21:19:25.404 INFO  manager.MyListener - WebDriver found element by locator -->>>By.id: class
21:19:25.476 INFO  manager.MyListener - WebDriver start find element -->>>By.id: fuelConsumption
21:19:25.492 INFO  manager.MyListener - WebDriver found element by locator -->>>By.id: fuelConsumption
21:19:25.591 INFO  manager.MyListener - WebDriver start find element -->>>By.id: serialNumber
21:19:25.605 INFO  manager.MyListener - WebDriver found element by locator -->>>By.id: serialNumber
21:19:25.697 INFO  manager.MyListener - WebDriver start find element -->>>By.id: price
21:19:25.713 INFO  manager.MyListener - WebDriver found element by locator -->>>By.id: price
21:19:25.799 INFO  manager.MyListener - WebDriver start find element -->>>By.id: distance
21:19:25.813 INFO  manager.MyListener - WebDriver found element by locator -->>>By.id: distance
21:19:25.907 INFO  manager.MyListener - WebDriver start find element -->>>By.cssSelector: input[placeholder='Type feature']
21:19:25.922 INFO  manager.MyListener - WebDriver found element by locator -->>>By.cssSelector: input[placeholder='Type feature']
21:19:26.005 INFO  manager.MyListener - WebDriver start find element -->>>By.id: about
21:19:26.018 INFO  manager.MyListener - WebDriver found element by locator -->>>By.id: about
21:19:26.103 INFO  manager.MyListener - WebDriver start find element -->>>By.id: photos
21:19:26.118 INFO  manager.MyListener - WebDriver found element by locator -->>>By.id: photos
21:19:29.168 INFO  manager.MyListener - WebDriver start find element -->>>By.xpath: //button[@type='submit']
21:19:29.182 INFO  manager.MyListener - WebDriver found element by locator -->>>By.xpath: //button[@type='submit']
21:19:29.200 INFO  manager.MyListener - WebDriver start find element -->>>By.xpath: //button[@type='submit']
21:19:29.209 INFO  manager.MyListener - WebDriver found element by locator -->>>By.xpath: //button[@type='submit']
21:19:31.235 INFO  manager.MyListener - WebDriver start find element -->>>By.cssSelector: div.dialog-container
21:19:31.249 INFO  manager.MyListener - WebDriver found element by locator -->>>By.cssSelector: div.dialog-container
21:19:31.259 INFO  manager.MyListener - WebDriver start find element -->>>By.cssSelector: div.dialog-container h1
21:19:31.271 INFO  manager.MyListener - WebDriver found element by locator -->>>By.cssSelector: div.dialog-container h1
21:19:31.294 INFO  manager.MyListener - WebDriver start find element -->>>By.xpath: //button[text()='Search cars']
21:19:31.305 INFO  manager.MyListener - WebDriver found element by locator -->>>By.xpath: //button[text()='Search cars']
21:19:31.333 INFO  tests.TestBase - Start test with name -->>>successLoginDP
21:19:41.354 INFO  tests.TestBase - Test start with email: viktor@gmail.com& password: Vviktor12345$
21:19:41.354 INFO  manager.MyListener - WebDriver start find element -->>>By.xpath: //*[@href='/login?url=%2Fsearch']
21:19:54.064 INFO  manager.MyListener - The name of method with error -->>>findElement
21:19:54.067 INFO  manager.MyListener - We have a problem ----->>>>>org.openqa.selenium.NoSuchElementException: Unable to find element with locator By.xpath: //*[@href='/login?url=%2Fsearch']
For documentation on this error, please visit: https://selenium.dev/exceptions/#no_such_element
Build info: version: '4.2.2', revision: '683ccb65d6'
System info: host: 'VIKTOR', ip: '192.168.165.192', os.name: 'Windows 11', os.arch: 'amd64', os.version: '10.0', java.version: '11.0.15.1'
Driver info: driver.version: unknown
21:20:06.258 INFO  manager.MyListener - The name of method with error -->>>findElements
21:20:06.258 INFO  manager.MyListener - We have a problem ----->>>>>org.openqa.selenium.WebDriverException: chrome not reachable
  (Session info: chrome=103.0.5060.134)
Build info: version: '4.2.2', revision: '683ccb65d6'
System info: host: 'VIKTOR', ip: '192.168.165.192', os.name: 'Windows 11', os.arch: 'amd64', os.version: '10.0', java.version: '11.0.15.1'
Driver info: org.openqa.selenium.chrome.ChromeDriver
Command: [5588fcc5f160016dc3e00f322cfbfb48, findElements {using=xpath, value=//button[text()='Ok']}]
Capabilities {acceptInsecureCerts: false, browserName: chrome, browserVersion: 103.0.5060.134, chrome: {chromedriverVersion: 102.0.5005.61 (0e59bcc00cc4..., userDataDir: C:\Users\Viktor\AppData\Loc...}, goog:chromeOptions: {debuggerAddress: localhost:60846}, networkConnectionEnabled: false, pageLoadStrategy: normal, platformName: WINDOWS, proxy: Proxy(), se:cdp: ws://localhost:60846/devtoo..., se:cdpVersion: 103.0.5060.134, setWindowRect: true, strictFileInteractability: false, timeouts: {implicit: 0, pageLoad: 300000, script: 30000}, unhandledPromptBehavior: dismiss and notify, webauthn:extension:credBlob: true, webauthn:extension:largeBlob: true, webauthn:virtualAuthenticators: true}
Session ID: 5588fcc5f160016dc3e00f322cfbfb48
21:20:18.436 INFO  manager.MyListener - The name of method with error -->>>findElements
21:20:18.436 INFO  manager.MyListener - We have a problem ----->>>>>org.openqa.selenium.WebDriverException: chrome not reachable
  (Session info: chrome=103.0.5060.134)
Build info: version: '4.2.2', revision: '683ccb65d6'
System info: host: 'VIKTOR', ip: '192.168.165.192', os.name: 'Windows 11', os.arch: 'amd64', os.version: '10.0', java.version: '11.0.15.1'
Driver info: org.openqa.selenium.chrome.ChromeDriver
Command: [5588fcc5f160016dc3e00f322cfbfb48, findElements {using=xpath, value=//button[text()='Ok']}]
Capabilities {acceptInsecureCerts: false, browserName: chrome, browserVersion: 103.0.5060.134, chrome: {chromedriverVersion: 102.0.5005.61 (0e59bcc00cc4..., userDataDir: C:\Users\Viktor\AppData\Loc...}, goog:chromeOptions: {debuggerAddress: localhost:60846}, networkConnectionEnabled: false, pageLoadStrategy: normal, platformName: WINDOWS, proxy: Proxy(), se:cdp: ws://localhost:60846/devtoo..., se:cdpVersion: 103.0.5060.134, setWindowRect: true, strictFileInteractability: false, timeouts: {implicit: 0, pageLoad: 300000, script: 30000}, unhandledPromptBehavior: dismiss and notify, webauthn:extension:credBlob: true, webauthn:extension:largeBlob: true, webauthn:virtualAuthenticators: true}
Session ID: 5588fcc5f160016dc3e00f322cfbfb48
21:20:30.629 INFO  manager.MyListener - The name of method with error -->>>findElements
21:20:30.629 INFO  manager.MyListener - We have a problem ----->>>>>org.openqa.selenium.WebDriverException: chrome not reachable
  (Session info: chrome=103.0.5060.134)
Build info: version: '4.2.2', revision: '683ccb65d6'
System info: host: 'VIKTOR', ip: '192.168.165.192', os.name: 'Windows 11', os.arch: 'amd64', os.version: '10.0', java.version: '11.0.15.1'
Driver info: org.openqa.selenium.chrome.ChromeDriver
Command: [5588fcc5f160016dc3e00f322cfbfb48, findElements {using=xpath, value=//button[text()='Ok']}]
Capabilities {acceptInsecureCerts: false, browserName: chrome, browserVersion: 103.0.5060.134, chrome: {chromedriverVersion: 102.0.5005.61 (0e59bcc00cc4..., userDataDir: C:\Users\Viktor\AppData\Loc...}, goog:chromeOptions: {debuggerAddress: localhost:60846}, networkConnectionEnabled: false, pageLoadStrategy: normal, platformName: WINDOWS, proxy: Proxy(), se:cdp: ws://localhost:60846/devtoo..., se:cdpVersion: 103.0.5060.134, setWindowRect: true, strictFileInteractability: false, timeouts: {implicit: 0, pageLoad: 300000, script: 30000}, unhandledPromptBehavior: dismiss and notify, webauthn:extension:credBlob: true, webauthn:extension:largeBlob: true, webauthn:virtualAuthenticators: true}
Session ID: 5588fcc5f160016dc3e00f322cfbfb48
21:20:42.801 INFO  manager.MyListener - The name of method with error -->>>findElements
21:20:42.802 INFO  manager.MyListener - We have a problem ----->>>>>org.openqa.selenium.WebDriverException: chrome not reachable
  (Session info: chrome=103.0.5060.134)
Build info: version: '4.2.2', revision: '683ccb65d6'
System info: host: 'VIKTOR', ip: '192.168.165.192', os.name: 'Windows 11', os.arch: 'amd64', os.version: '10.0', java.version: '11.0.15.1'
Driver info: org.openqa.selenium.chrome.ChromeDriver
Command: [5588fcc5f160016dc3e00f322cfbfb48, findElements {using=xpath, value=//button[text()='Ok']}]
Capabilities {acceptInsecureCerts: false, browserName: chrome, browserVersion: 103.0.5060.134, chrome: {chromedriverVersion: 102.0.5005.61 (0e59bcc00cc4..., userDataDir: C:\Users\Viktor\AppData\Loc...}, goog:chromeOptions: {debuggerAddress: localhost:60846}, networkConnectionEnabled: false, pageLoadStrategy: normal, platformName: WINDOWS, proxy: Proxy(), se:cdp: ws://localhost:60846/devtoo..., se:cdpVersion: 103.0.5060.134, setWindowRect: true, strictFileInteractability: false, timeouts: {implicit: 0, pageLoad: 300000, script: 30000}, unhandledPromptBehavior: dismiss and notify, webauthn:extension:credBlob: true, webauthn:extension:largeBlob: true, webauthn:virtualAuthenticators: true}
Session ID: 5588fcc5f160016dc3e00f322cfbfb48
21:20:54.968 INFO  manager.MyListener - The name of method with error -->>>findElements
21:20:54.968 INFO  manager.MyListener - We have a problem ----->>>>>org.openqa.selenium.WebDriverException: chrome not reachable
  (Session info: chrome=103.0.5060.134)
Build info: version: '4.2.2', revision: '683ccb65d6'
System info: host: 'VIKTOR', ip: '192.168.165.192', os.name: 'Windows 11', os.arch: 'amd64', os.version: '10.0', java.version: '11.0.15.1'
Driver info: org.openqa.selenium.chrome.ChromeDriver
Command: [5588fcc5f160016dc3e00f322cfbfb48, findElements {using=xpath, value=//button[text()='Ok']}]
Capabilities {acceptInsecureCerts: false, browserName: chrome, browserVersion: 103.0.5060.134, chrome: {chromedriverVersion: 102.0.5005.61 (0e59bcc00cc4..., userDataDir: C:\Users\Viktor\AppData\Loc...}, goog:chromeOptions: {debuggerAddress: localhost:60846}, networkConnectionEnabled: false, pageLoadStrategy: normal, platformName: WINDOWS, proxy: Proxy(), se:cdp: ws://localhost:60846/devtoo..., se:cdpVersion: 103.0.5060.134, setWindowRect: true, strictFileInteractability: false, timeouts: {implicit: 0, pageLoad: 300000, script: 30000}, unhandledPromptBehavior: dismiss and notify, webauthn:extension:credBlob: true, webauthn:extension:largeBlob: true, webauthn:virtualAuthenticators: true}
Session ID: 5588fcc5f160016dc3e00f322cfbfb48
21:21:07.143 INFO  manager.MyListener - The name of method with error -->>>findElements
21:21:07.144 INFO  manager.MyListener - We have a problem ----->>>>>org.openqa.selenium.WebDriverException: chrome not reachable
  (Session info: chrome=103.0.5060.134)
Build info: version: '4.2.2', revision: '683ccb65d6'
System info: host: 'VIKTOR', ip: '192.168.165.192', os.name: 'Windows 11', os.arch: 'amd64', os.version: '10.0', java.version: '11.0.15.1'
Driver info: org.openqa.selenium.chrome.ChromeDriver
Command: [5588fcc5f160016dc3e00f322cfbfb48, findElements {using=xpath, value=//button[text()='Ok']}]
Capabilities {acceptInsecureCerts: false, browserName: chrome, browserVersion: 103.0.5060.134, chrome: {chromedriverVersion: 102.0.5005.61 (0e59bcc00cc4..., userDataDir: C:\Users\Viktor\AppData\Loc...}, goog:chromeOptions: {debuggerAddress: localhost:60846}, networkConnectionEnabled: false, pageLoadStrategy: normal, platformName: WINDOWS, proxy: Proxy(), se:cdp: ws://localhost:60846/devtoo..., se:cdpVersion: 103.0.5060.134, setWindowRect: true, strictFileInteractability: false, timeouts: {implicit: 0, pageLoad: 300000, script: 30000}, unhandledPromptBehavior: dismiss and notify, webauthn:extension:credBlob: true, webauthn:extension:largeBlob: true, webauthn:virtualAuthenticators: true}
Session ID: 5588fcc5f160016dc3e00f322cfbfb48
21:21:19.313 INFO  manager.MyListener - The name of method with error -->>>findElements
21:21:19.315 INFO  manager.MyListener - We have a problem ----->>>>>org.openqa.selenium.WebDriverException: chrome not reachable
  (Session info: chrome=103.0.5060.134)
Build info: version: '4.2.2', revision: '683ccb65d6'
System info: host: 'VIKTOR', ip: '192.168.165.192', os.name: 'Windows 11', os.arch: 'amd64', os.version: '10.0', java.version: '11.0.15.1'
Driver info: org.openqa.selenium.chrome.ChromeDriver
Command: [5588fcc5f160016dc3e00f322cfbfb48, findElements {using=xpath, value=//button[text()='Ok']}]
Capabilities {acceptInsecureCerts: false, browserName: chrome, browserVersion: 103.0.5060.134, chrome: {chromedriverVersion: 102.0.5005.61 (0e59bcc00cc4..., userDataDir: C:\Users\Viktor\AppData\Loc...}, goog:chromeOptions: {debuggerAddress: localhost:60846}, networkConnectionEnabled: false, pageLoadStrategy: normal, platformName: WINDOWS, proxy: Proxy(), se:cdp: ws://localhost:60846/devtoo..., se:cdpVersion: 103.0.5060.134, setWindowRect: true, strictFileInteractability: false, timeouts: {implicit: 0, pageLoad: 300000, script: 30000}, unhandledPromptBehavior: dismiss and notify, webauthn:extension:credBlob: true, webauthn:extension:largeBlob: true, webauthn:virtualAuthenticators: true}
Session ID: 5588fcc5f160016dc3e00f322cfbfb48
21:21:31.478 INFO  manager.MyListener - The name of method with error -->>>findElements
21:21:31.478 INFO  manager.MyListener - We have a problem ----->>>>>org.openqa.selenium.WebDriverException: chrome not reachable
  (Session info: chrome=103.0.5060.134)
Build info: version: '4.2.2', revision: '683ccb65d6'
System info: host: 'VIKTOR', ip: '192.168.165.192', os.name: 'Windows 11', os.arch: 'amd64', os.version: '10.0', java.version: '11.0.15.1'
Driver info: org.openqa.selenium.chrome.ChromeDriver
Command: [5588fcc5f160016dc3e00f322cfbfb48, findElements {using=xpath, value=//button[text()='Ok']}]
Capabilities {acceptInsecureCerts: false, browserName: chrome, browserVersion: 103.0.5060.134, chrome: {chromedriverVersion: 102.0.5005.61 (0e59bcc00cc4..., userDataDir: C:\Users\Viktor\AppData\Loc...}, goog:chromeOptions: {debuggerAddress: localhost:60846}, networkConnectionEnabled: false, pageLoadStrategy: normal, platformName: WINDOWS, proxy: Proxy(), se:cdp: ws://localhost:60846/devtoo..., se:cdpVersion: 103.0.5060.134, setWindowRect: true, strictFileInteractability: false, timeouts: {implicit: 0, pageLoad: 300000, script: 30000}, unhandledPromptBehavior: dismiss and notify, webauthn:extension:credBlob: true, webauthn:extension:largeBlob: true, webauthn:virtualAuthenticators: true}
Session ID: 5588fcc5f160016dc3e00f322cfbfb48
21:21:43.679 INFO  manager.MyListener - The name of method with error -->>>findElements
21:21:43.679 INFO  manager.MyListener - We have a problem ----->>>>>org.openqa.selenium.WebDriverException: chrome not reachable
  (Session info: chrome=103.0.5060.134)
Build info: version: '4.2.2', revision: '683ccb65d6'
System info: host: 'VIKTOR', ip: '192.168.165.192', os.name: 'Windows 11', os.arch: 'amd64', os.version: '10.0', java.version: '11.0.15.1'
Driver info: org.openqa.selenium.chrome.ChromeDriver
Command: [5588fcc5f160016dc3e00f322cfbfb48, findElements {using=xpath, value=//button[text()='Ok']}]
Capabilities {acceptInsecureCerts: false, browserName: chrome, browserVersion: 103.0.5060.134, chrome: {chromedriverVersion: 102.0.5005.61 (0e59bcc00cc4..., userDataDir: C:\Users\Viktor\AppData\Loc...}, goog:chromeOptions: {debuggerAddress: localhost:60846}, networkConnectionEnabled: false, pageLoadStrategy: normal, platformName: WINDOWS, proxy: Proxy(), se:cdp: ws://localhost:60846/devtoo..., se:cdpVersion: 103.0.5060.134, setWindowRect: true, strictFileInteractability: false, timeouts: {implicit: 0, pageLoad: 300000, script: 30000}, unhandledPromptBehavior: dismiss and notify, webauthn:extension:credBlob: true, webauthn:extension:largeBlob: true, webauthn:virtualAuthenticators: true}
Session ID: 5588fcc5f160016dc3e00f322cfbfb48
21:21:55.855 INFO  manager.MyListener - The name of method with error -->>>findElements
21:21:55.855 INFO  manager.MyListener - We have a problem ----->>>>>org.openqa.selenium.WebDriverException: chrome not reachable
  (Session info: chrome=103.0.5060.134)
Build info: version: '4.2.2', revision: '683ccb65d6'
System info: host: 'VIKTOR', ip: '192.168.165.192', os.name: 'Windows 11', os.arch: 'amd64', os.version: '10.0', java.version: '11.0.15.1'
Driver info: org.openqa.selenium.chrome.ChromeDriver
Command: [5588fcc5f160016dc3e00f322cfbfb48, findElements {using=xpath, value=//button[text()='Ok']}]
Capabilities {acceptInsecureCerts: false, browserName: chrome, browserVersion: 103.0.5060.134, chrome: {chromedriverVersion: 102.0.5005.61 (0e59bcc00cc4..., userDataDir: C:\Users\Viktor\AppData\Loc...}, goog:chromeOptions: {debuggerAddress: localhost:60846}, networkConnectionEnabled: false, pageLoadStrategy: normal, platformName: WINDOWS, proxy: Proxy(), se:cdp: ws://localhost:60846/devtoo..., se:cdpVersion: 103.0.5060.134, setWindowRect: true, strictFileInteractability: false, timeouts: {implicit: 0, pageLoad: 300000, script: 30000}, unhandledPromptBehavior: dismiss and notify, webauthn:extension:credBlob: true, webauthn:extension:largeBlob: true, webauthn:virtualAuthenticators: true}
Session ID: 5588fcc5f160016dc3e00f322cfbfb48
21:21:55.857 INFO  tests.TestBase - Start test with name -->>>RegistrationWrongPasswordFormat
21:22:08.038 INFO  manager.MyListener - The name of method with error -->>>findElements
21:22:08.038 INFO  manager.MyListener - We have a problem ----->>>>>org.openqa.selenium.WebDriverException: chrome not reachable
  (Session info: chrome=103.0.5060.134)
Build info: version: '4.2.2', revision: '683ccb65d6'
System info: host: 'VIKTOR', ip: '192.168.165.192', os.name: 'Windows 11', os.arch: 'amd64', os.version: '10.0', java.version: '11.0.15.1'
Driver info: org.openqa.selenium.chrome.ChromeDriver
Command: [5588fcc5f160016dc3e00f322cfbfb48, findElements {using=xpath, value=//button[text()='Ok']}]
Capabilities {acceptInsecureCerts: false, browserName: chrome, browserVersion: 103.0.5060.134, chrome: {chromedriverVersion: 102.0.5005.61 (0e59bcc00cc4..., userDataDir: C:\Users\Viktor\AppData\Loc...}, goog:chromeOptions: {debuggerAddress: localhost:60846}, networkConnectionEnabled: false, pageLoadStrategy: normal, platformName: WINDOWS, proxy: Proxy(), se:cdp: ws://localhost:60846/devtoo..., se:cdpVersion: 103.0.5060.134, setWindowRect: true, strictFileInteractability: false, timeouts: {implicit: 0, pageLoad: 300000, script: 30000}, unhandledPromptBehavior: dismiss and notify, webauthn:extension:credBlob: true, webauthn:extension:largeBlob: true, webauthn:virtualAuthenticators: true}
Session ID: 5588fcc5f160016dc3e00f322cfbfb48
21:22:08.041 INFO  tests.TestBase - Start test with name -->>>searchAnyPeriod
21:22:08.041 INFO  manager.MyListener - WebDriver start find element -->>>By.id: city
21:22:20.233 INFO  manager.MyListener - The name of method with error -->>>findElement
21:22:20.234 INFO  manager.MyListener - We have a problem ----->>>>>org.openqa.selenium.WebDriverException: chrome not reachable
  (Session info: chrome=103.0.5060.134)
Build info: version: '4.2.2', revision: '683ccb65d6'
System info: host: 'VIKTOR', ip: '192.168.165.192', os.name: 'Windows 11', os.arch: 'amd64', os.version: '10.0', java.version: '11.0.15.1'
Driver info: org.openqa.selenium.chrome.ChromeDriver
Command: [5588fcc5f160016dc3e00f322cfbfb48, findElement {using=id, value=city}]
Capabilities {acceptInsecureCerts: false, browserName: chrome, browserVersion: 103.0.5060.134, chrome: {chromedriverVersion: 102.0.5005.61 (0e59bcc00cc4..., userDataDir: C:\Users\Viktor\AppData\Loc...}, goog:chromeOptions: {debuggerAddress: localhost:60846}, networkConnectionEnabled: false, pageLoadStrategy: normal, platformName: WINDOWS, proxy: Proxy(), se:cdp: ws://localhost:60846/devtoo..., se:cdpVersion: 103.0.5060.134, setWindowRect: true, strictFileInteractability: false, timeouts: {implicit: 0, pageLoad: 300000, script: 30000}, unhandledPromptBehavior: dismiss and notify, webauthn:extension:credBlob: true, webauthn:extension:largeBlob: true, webauthn:virtualAuthenticators: true}
Session ID: 5588fcc5f160016dc3e00f322cfbfb48
21:22:20.234 INFO  manager.MyListener - WebDriver start find element -->>>By.cssSelector: .logo
21:22:32.404 INFO  manager.MyListener - The name of method with error -->>>findElement
21:22:32.404 INFO  manager.MyListener - We have a problem ----->>>>>org.openqa.selenium.WebDriverException: chrome not reachable
  (Session info: chrome=103.0.5060.134)
Build info: version: '4.2.2', revision: '683ccb65d6'
System info: host: 'VIKTOR', ip: '192.168.165.192', os.name: 'Windows 11', os.arch: 'amd64', os.version: '10.0', java.version: '11.0.15.1'
Driver info: org.openqa.selenium.chrome.ChromeDriver
Command: [5588fcc5f160016dc3e00f322cfbfb48, findElement {using=css selector, value=.logo}]
Capabilities {acceptInsecureCerts: false, browserName: chrome, browserVersion: 103.0.5060.134, chrome: {chromedriverVersion: 102.0.5005.61 (0e59bcc00cc4..., userDataDir: C:\Users\Viktor\AppData\Loc...}, goog:chromeOptions: {debuggerAddress: localhost:60846}, networkConnectionEnabled: false, pageLoadStrategy: normal, platformName: WINDOWS, proxy: Proxy(), se:cdp: ws://localhost:60846/devtoo..., se:cdpVersion: 103.0.5060.134, setWindowRect: true, strictFileInteractability: false, timeouts: {implicit: 0, pageLoad: 300000, script: 30000}, unhandledPromptBehavior: dismiss and notify, webauthn:extension:credBlob: true, webauthn:extension:largeBlob: true, webauthn:virtualAuthenticators: true}
Session ID: 5588fcc5f160016dc3e00f322cfbfb48
