20:54:46.766 INFO  manager.ApplicationManager - All tests run in Chrome browser.
20:54:51.698 INFO  manager.ApplicationManager - Current Url-->>>https://ilcarro-1578153671498.web.app/search
20:54:51.725 INFO  tests.TestBase - Start test with name -->>>addNewCarSuccess
20:55:01.752 INFO  manager.MyListener - WebDriver start find element -->>>By.xpath: //*[@href='/login?url=%2Fsearch']
20:55:01.770 INFO  manager.MyListener - WebDriver found element by locator -->>>By.xpath: //*[@href='/login?url=%2Fsearch']
20:55:01.808 INFO  manager.MyListener - WebDriver start find element -->>>By.id: email
20:55:01.828 INFO  manager.MyListener - WebDriver found element by locator -->>>By.id: email
20:55:01.912 INFO  manager.MyListener - WebDriver start find element -->>>By.id: password
20:55:01.931 INFO  manager.MyListener - WebDriver found element by locator -->>>By.id: password
20:55:02.018 INFO  manager.MyListener - WebDriver start find element -->>>By.xpath: //button[@type='submit']
20:55:02.036 INFO  manager.MyListener - WebDriver found element by locator -->>>By.xpath: //button[@type='submit']
20:55:02.066 INFO  manager.MyListener - WebDriver start find element -->>>By.xpath: //button[@type='submit']
20:55:02.080 INFO  manager.MyListener - WebDriver found element by locator -->>>By.xpath: //button[@type='submit']
20:55:02.735 INFO  manager.MyListener - WebDriver start find element -->>>By.xpath: //button[text()='Ok']
20:55:02.751 INFO  manager.MyListener - WebDriver found element by locator -->>>By.xpath: //button[text()='Ok']
20:55:03.783 INFO  manager.MyListener - WebDriver start find element -->>>By.id: 1
20:55:03.798 INFO  manager.MyListener - WebDriver found element by locator -->>>By.id: 1
20:55:03.844 INFO  manager.MyListener - WebDriver start find element -->>>By.id: pickUpPlace
20:55:03.858 INFO  manager.MyListener - WebDriver found element by locator -->>>By.id: pickUpPlace
20:55:03.935 INFO  manager.MyListener - WebDriver start find element -->>>By.cssSelector: div.pac-item
20:55:04.440 INFO  manager.MyListener - WebDriver found element by locator -->>>By.cssSelector: div.pac-item
20:55:04.976 INFO  manager.MyListener - WebDriver start find element -->>>By.id: make
20:55:04.989 INFO  manager.MyListener - WebDriver found element by locator -->>>By.id: make
20:55:05.050 INFO  manager.MyListener - WebDriver start find element -->>>By.id: model
20:55:05.065 INFO  manager.MyListener - WebDriver found element by locator -->>>By.id: model
20:55:05.129 INFO  manager.MyListener - WebDriver start find element -->>>By.id: year
20:55:05.144 INFO  manager.MyListener - WebDriver found element by locator -->>>By.id: year
20:55:05.217 INFO  manager.MyListener - WebDriver start find element -->>>By.id: engine
20:55:05.230 INFO  manager.MyListener - WebDriver found element by locator -->>>By.id: engine
20:55:05.299 INFO  manager.MyListener - WebDriver start find element -->>>By.id: fuel
20:55:05.316 INFO  manager.MyListener - WebDriver found element by locator -->>>By.id: fuel
20:55:05.368 INFO  manager.MyListener - WebDriver start find element -->>>By.id: gear
20:55:05.381 INFO  manager.MyListener - WebDriver found element by locator -->>>By.id: gear
20:55:05.419 INFO  manager.MyListener - WebDriver start find element -->>>By.id: wheelsDrive
20:55:05.432 INFO  manager.MyListener - WebDriver found element by locator -->>>By.id: wheelsDrive
20:55:05.476 INFO  manager.MyListener - WebDriver start find element -->>>By.id: doors
20:55:05.490 INFO  manager.MyListener - WebDriver found element by locator -->>>By.id: doors
20:55:05.568 INFO  manager.MyListener - WebDriver start find element -->>>By.id: seats
20:55:05.583 INFO  manager.MyListener - WebDriver found element by locator -->>>By.id: seats
20:55:05.657 INFO  manager.MyListener - WebDriver start find element -->>>By.id: class
20:55:05.670 INFO  manager.MyListener - WebDriver found element by locator -->>>By.id: class
20:55:05.736 INFO  manager.MyListener - WebDriver start find element -->>>By.id: fuelConsumption
20:55:05.749 INFO  manager.MyListener - WebDriver found element by locator -->>>By.id: fuelConsumption
20:55:05.829 INFO  manager.MyListener - WebDriver start find element -->>>By.id: serialNumber
20:55:05.845 INFO  manager.MyListener - WebDriver found element by locator -->>>By.id: serialNumber
20:55:05.924 INFO  manager.MyListener - WebDriver start find element -->>>By.id: price
20:55:05.940 INFO  manager.MyListener - WebDriver found element by locator -->>>By.id: price
20:55:06.017 INFO  manager.MyListener - WebDriver start find element -->>>By.id: distance
20:55:06.032 INFO  manager.MyListener - WebDriver found element by locator -->>>By.id: distance
20:55:06.114 INFO  manager.MyListener - WebDriver start find element -->>>By.cssSelector: input[placeholder='Type feature']
20:55:06.126 INFO  manager.MyListener - WebDriver found element by locator -->>>By.cssSelector: input[placeholder='Type feature']
20:55:06.199 INFO  manager.MyListener - WebDriver start find element -->>>By.id: about
20:55:06.210 INFO  manager.MyListener - WebDriver found element by locator -->>>By.id: about
20:55:06.277 INFO  manager.MyListener - WebDriver start find element -->>>By.id: photos
20:55:06.294 INFO  manager.MyListener - WebDriver found element by locator -->>>By.id: photos
20:55:09.335 INFO  manager.MyListener - WebDriver start find element -->>>By.xpath: //button[@type='submit']
20:55:09.348 INFO  manager.MyListener - WebDriver found element by locator -->>>By.xpath: //button[@type='submit']
20:55:09.366 INFO  manager.MyListener - WebDriver start find element -->>>By.xpath: //button[@type='submit']
20:55:09.377 INFO  manager.MyListener - WebDriver found element by locator -->>>By.xpath: //button[@type='submit']
20:55:11.400 INFO  manager.MyListener - WebDriver start find element -->>>By.cssSelector: div.dialog-container
20:55:11.414 INFO  manager.MyListener - WebDriver found element by locator -->>>By.cssSelector: div.dialog-container
20:55:11.423 INFO  manager.MyListener - WebDriver start find element -->>>By.cssSelector: div.dialog-container h1
20:55:11.434 INFO  manager.MyListener - WebDriver found element by locator -->>>By.cssSelector: div.dialog-container h1
20:55:11.445 INFO  manager.MyListener - WebDriver start find element -->>>By.xpath: //button[text()='Search cars']
20:55:11.456 INFO  manager.MyListener - WebDriver found element by locator -->>>By.xpath: //button[text()='Search cars']
20:55:11.486 INFO  tests.TestBase - Start test with name -->>>successLoginDP
20:55:21.501 INFO  tests.TestBase - Test start with email: viktor@gmail.com& password: Vviktor12345$
20:55:21.501 INFO  manager.MyListener - WebDriver start find element -->>>By.xpath: //*[@href='/login?url=%2Fsearch']
20:55:31.564 INFO  manager.MyListener - The name of method with error -->>>findElement
20:55:31.566 INFO  manager.MyListener - We have a problem ----->>>>>org.openqa.selenium.NoSuchElementException: no such element: Unable to locate element: {"method":"xpath","selector":"//*[@href='/login?url=%2Fsearch']"}
  (Session info: chrome=103.0.5060.134)
For documentation on this error, please visit: https://selenium.dev/exceptions/#no_such_element
Build info: version: '4.2.2', revision: '683ccb65d6'
System info: host: 'VIKTOR', ip: '192.168.165.192', os.name: 'Windows 11', os.arch: 'amd64', os.version: '10.0', java.version: '11.0.15.1'
Driver info: org.openqa.selenium.chrome.ChromeDriver
Command: [6ced8cffcde46e3b6744ad017c9b1a0f, findElement {using=xpath, value=//*[@href='/login?url=%2Fsearch']}]
Capabilities {acceptInsecureCerts: false, browserName: chrome, browserVersion: 103.0.5060.134, chrome: {chromedriverVersion: 102.0.5005.61 (0e59bcc00cc4..., userDataDir: C:\Users\Viktor\AppData\Loc...}, goog:chromeOptions: {debuggerAddress: localhost:59828}, networkConnectionEnabled: false, pageLoadStrategy: normal, platformName: WINDOWS, proxy: Proxy(), se:cdp: ws://localhost:59828/devtoo..., se:cdpVersion: 103.0.5060.134, setWindowRect: true, strictFileInteractability: false, timeouts: {implicit: 0, pageLoad: 300000, script: 30000}, unhandledPromptBehavior: dismiss and notify, webauthn:extension:credBlob: true, webauthn:extension:largeBlob: true, webauthn:virtualAuthenticators: true}
Session ID: 6ced8cffcde46e3b6744ad017c9b1a0f
20:55:41.582 INFO  tests.TestBase - Start test with name -->>>successLoginDP
20:55:51.599 INFO  tests.TestBase - Test start with email: viktor@gmail.com& password: Vviktor12345$
20:55:51.599 INFO  manager.MyListener - WebDriver start find element -->>>By.xpath: //*[@href='/login?url=%2Fsearch']
20:56:01.645 INFO  manager.MyListener - The name of method with error -->>>findElement
20:56:01.646 INFO  manager.MyListener - We have a problem ----->>>>>org.openqa.selenium.NoSuchElementException: no such element: Unable to locate element: {"method":"xpath","selector":"//*[@href='/login?url=%2Fsearch']"}
  (Session info: chrome=103.0.5060.134)
For documentation on this error, please visit: https://selenium.dev/exceptions/#no_such_element
Build info: version: '4.2.2', revision: '683ccb65d6'
System info: host: 'VIKTOR', ip: '192.168.165.192', os.name: 'Windows 11', os.arch: 'amd64', os.version: '10.0', java.version: '11.0.15.1'
Driver info: org.openqa.selenium.chrome.ChromeDriver
Command: [6ced8cffcde46e3b6744ad017c9b1a0f, findElement {using=xpath, value=//*[@href='/login?url=%2Fsearch']}]
Capabilities {acceptInsecureCerts: false, browserName: chrome, browserVersion: 103.0.5060.134, chrome: {chromedriverVersion: 102.0.5005.61 (0e59bcc00cc4..., userDataDir: C:\Users\Viktor\AppData\Loc...}, goog:chromeOptions: {debuggerAddress: localhost:59828}, networkConnectionEnabled: false, pageLoadStrategy: normal, platformName: WINDOWS, proxy: Proxy(), se:cdp: ws://localhost:59828/devtoo..., se:cdpVersion: 103.0.5060.134, setWindowRect: true, strictFileInteractability: false, timeouts: {implicit: 0, pageLoad: 300000, script: 30000}, unhandledPromptBehavior: dismiss and notify, webauthn:extension:credBlob: true, webauthn:extension:largeBlob: true, webauthn:virtualAuthenticators: true}
Session ID: 6ced8cffcde46e3b6744ad017c9b1a0f
20:56:11.709 INFO  tests.TestBase - Start test with name -->>>successLoginDP
20:56:21.719 INFO  tests.TestBase - Test start with email: viktor@gmail.com& password: Vviktor12345$
20:56:21.719 INFO  manager.MyListener - WebDriver start find element -->>>By.xpath: //*[@href='/login?url=%2Fsearch']
20:56:31.730 INFO  manager.MyListener - The name of method with error -->>>findElement
20:56:31.731 INFO  manager.MyListener - We have a problem ----->>>>>org.openqa.selenium.NoSuchElementException: no such element: Unable to locate element: {"method":"xpath","selector":"//*[@href='/login?url=%2Fsearch']"}
  (Session info: chrome=103.0.5060.134)
For documentation on this error, please visit: https://selenium.dev/exceptions/#no_such_element
Build info: version: '4.2.2', revision: '683ccb65d6'
System info: host: 'VIKTOR', ip: '192.168.165.192', os.name: 'Windows 11', os.arch: 'amd64', os.version: '10.0', java.version: '11.0.15.1'
Driver info: org.openqa.selenium.chrome.ChromeDriver
Command: [6ced8cffcde46e3b6744ad017c9b1a0f, findElement {using=xpath, value=//*[@href='/login?url=%2Fsearch']}]
Capabilities {acceptInsecureCerts: false, browserName: chrome, browserVersion: 103.0.5060.134, chrome: {chromedriverVersion: 102.0.5005.61 (0e59bcc00cc4..., userDataDir: C:\Users\Viktor\AppData\Loc...}, goog:chromeOptions: {debuggerAddress: localhost:59828}, networkConnectionEnabled: false, pageLoadStrategy: normal, platformName: WINDOWS, proxy: Proxy(), se:cdp: ws://localhost:59828/devtoo..., se:cdpVersion: 103.0.5060.134, setWindowRect: true, strictFileInteractability: false, timeouts: {implicit: 0, pageLoad: 300000, script: 30000}, unhandledPromptBehavior: dismiss and notify, webauthn:extension:credBlob: true, webauthn:extension:largeBlob: true, webauthn:virtualAuthenticators: true}
Session ID: 6ced8cffcde46e3b6744ad017c9b1a0f
20:56:41.763 INFO  tests.TestBase - Start test with name -->>>successLoginDP
20:56:51.778 INFO  tests.TestBase - Test start with email: viktor@gmail.com& password: Vviktor12345$
20:56:51.778 INFO  manager.MyListener - WebDriver start find element -->>>By.xpath: //*[@href='/login?url=%2Fsearch']
20:57:01.795 INFO  manager.MyListener - The name of method with error -->>>findElement
20:57:01.795 INFO  manager.MyListener - We have a problem ----->>>>>org.openqa.selenium.NoSuchElementException: no such element: Unable to locate element: {"method":"xpath","selector":"//*[@href='/login?url=%2Fsearch']"}
  (Session info: chrome=103.0.5060.134)
For documentation on this error, please visit: https://selenium.dev/exceptions/#no_such_element
Build info: version: '4.2.2', revision: '683ccb65d6'
System info: host: 'VIKTOR', ip: '192.168.165.192', os.name: 'Windows 11', os.arch: 'amd64', os.version: '10.0', java.version: '11.0.15.1'
Driver info: org.openqa.selenium.chrome.ChromeDriver
Command: [6ced8cffcde46e3b6744ad017c9b1a0f, findElement {using=xpath, value=//*[@href='/login?url=%2Fsearch']}]
Capabilities {acceptInsecureCerts: false, browserName: chrome, browserVersion: 103.0.5060.134, chrome: {chromedriverVersion: 102.0.5005.61 (0e59bcc00cc4..., userDataDir: C:\Users\Viktor\AppData\Loc...}, goog:chromeOptions: {debuggerAddress: localhost:59828}, networkConnectionEnabled: false, pageLoadStrategy: normal, platformName: WINDOWS, proxy: Proxy(), se:cdp: ws://localhost:59828/devtoo..., se:cdpVersion: 103.0.5060.134, setWindowRect: true, strictFileInteractability: false, timeouts: {implicit: 0, pageLoad: 300000, script: 30000}, unhandledPromptBehavior: dismiss and notify, webauthn:extension:credBlob: true, webauthn:extension:largeBlob: true, webauthn:virtualAuthenticators: true}
Session ID: 6ced8cffcde46e3b6744ad017c9b1a0f
20:57:11.821 INFO  tests.TestBase - Start test with name -->>>successLoginDpCSV
20:57:21.893 INFO  tests.TestBase - Test start with email: viktor@gmail.com& password: Vviktor12345$
20:57:21.893 INFO  manager.MyListener - WebDriver start find element -->>>By.xpath: //*[@href='/login?url=%2Fsearch']
20:57:31.904 INFO  manager.MyListener - The name of method with error -->>>findElement
20:57:31.904 INFO  manager.MyListener - We have a problem ----->>>>>org.openqa.selenium.NoSuchElementException: no such element: Unable to locate element: {"method":"xpath","selector":"//*[@href='/login?url=%2Fsearch']"}
  (Session info: chrome=103.0.5060.134)
For documentation on this error, please visit: https://selenium.dev/exceptions/#no_such_element
Build info: version: '4.2.2', revision: '683ccb65d6'
System info: host: 'VIKTOR', ip: '192.168.165.192', os.name: 'Windows 11', os.arch: 'amd64', os.version: '10.0', java.version: '11.0.15.1'
Driver info: org.openqa.selenium.chrome.ChromeDriver
Command: [6ced8cffcde46e3b6744ad017c9b1a0f, findElement {using=xpath, value=//*[@href='/login?url=%2Fsearch']}]
Capabilities {acceptInsecureCerts: false, browserName: chrome, browserVersion: 103.0.5060.134, chrome: {chromedriverVersion: 102.0.5005.61 (0e59bcc00cc4..., userDataDir: C:\Users\Viktor\AppData\Loc...}, goog:chromeOptions: {debuggerAddress: localhost:59828}, networkConnectionEnabled: false, pageLoadStrategy: normal, platformName: WINDOWS, proxy: Proxy(), se:cdp: ws://localhost:59828/devtoo..., se:cdpVersion: 103.0.5060.134, setWindowRect: true, strictFileInteractability: false, timeouts: {implicit: 0, pageLoad: 300000, script: 30000}, unhandledPromptBehavior: dismiss and notify, webauthn:extension:credBlob: true, webauthn:extension:largeBlob: true, webauthn:virtualAuthenticators: true}
Session ID: 6ced8cffcde46e3b6744ad017c9b1a0f
20:57:41.913 INFO  tests.TestBase - Start test with name -->>>successLoginDpCSV
20:57:51.940 INFO  tests.TestBase - Test start with email: noa@gmail.com& password: Nnoa12345$
20:57:51.940 INFO  manager.MyListener - WebDriver start find element -->>>By.xpath: //*[@href='/login?url=%2Fsearch']
20:58:01.984 INFO  manager.MyListener - The name of method with error -->>>findElement
20:58:01.985 INFO  manager.MyListener - We have a problem ----->>>>>org.openqa.selenium.NoSuchElementException: no such element: Unable to locate element: {"method":"xpath","selector":"//*[@href='/login?url=%2Fsearch']"}
  (Session info: chrome=103.0.5060.134)
For documentation on this error, please visit: https://selenium.dev/exceptions/#no_such_element
Build info: version: '4.2.2', revision: '683ccb65d6'
System info: host: 'VIKTOR', ip: '192.168.165.192', os.name: 'Windows 11', os.arch: 'amd64', os.version: '10.0', java.version: '11.0.15.1'
Driver info: org.openqa.selenium.chrome.ChromeDriver
Command: [6ced8cffcde46e3b6744ad017c9b1a0f, findElement {using=xpath, value=//*[@href='/login?url=%2Fsearch']}]
Capabilities {acceptInsecureCerts: false, browserName: chrome, browserVersion: 103.0.5060.134, chrome: {chromedriverVersion: 102.0.5005.61 (0e59bcc00cc4..., userDataDir: C:\Users\Viktor\AppData\Loc...}, goog:chromeOptions: {debuggerAddress: localhost:59828}, networkConnectionEnabled: false, pageLoadStrategy: normal, platformName: WINDOWS, proxy: Proxy(), se:cdp: ws://localhost:59828/devtoo..., se:cdpVersion: 103.0.5060.134, setWindowRect: true, strictFileInteractability: false, timeouts: {implicit: 0, pageLoad: 300000, script: 30000}, unhandledPromptBehavior: dismiss and notify, webauthn:extension:credBlob: true, webauthn:extension:largeBlob: true, webauthn:virtualAuthenticators: true}
Session ID: 6ced8cffcde46e3b6744ad017c9b1a0f
20:58:12.004 INFO  tests.TestBase - Start test with name -->>>successLoginDpCSV
20:58:22.029 INFO  tests.TestBase - Test start with email: sonya@gmail.com& password: Ss12345$
20:58:22.029 INFO  manager.MyListener - WebDriver start find element -->>>By.xpath: //*[@href='/login?url=%2Fsearch']
20:58:32.048 INFO  manager.MyListener - The name of method with error -->>>findElement
20:58:32.048 INFO  manager.MyListener - We have a problem ----->>>>>org.openqa.selenium.NoSuchElementException: no such element: Unable to locate element: {"method":"xpath","selector":"//*[@href='/login?url=%2Fsearch']"}
  (Session info: chrome=103.0.5060.134)
For documentation on this error, please visit: https://selenium.dev/exceptions/#no_such_element
Build info: version: '4.2.2', revision: '683ccb65d6'
System info: host: 'VIKTOR', ip: '192.168.165.192', os.name: 'Windows 11', os.arch: 'amd64', os.version: '10.0', java.version: '11.0.15.1'
Driver info: org.openqa.selenium.chrome.ChromeDriver
Command: [6ced8cffcde46e3b6744ad017c9b1a0f, findElement {using=xpath, value=//*[@href='/login?url=%2Fsearch']}]
Capabilities {acceptInsecureCerts: false, browserName: chrome, browserVersion: 103.0.5060.134, chrome: {chromedriverVersion: 102.0.5005.61 (0e59bcc00cc4..., userDataDir: C:\Users\Viktor\AppData\Loc...}, goog:chromeOptions: {debuggerAddress: localhost:59828}, networkConnectionEnabled: false, pageLoadStrategy: normal, platformName: WINDOWS, proxy: Proxy(), se:cdp: ws://localhost:59828/devtoo..., se:cdpVersion: 103.0.5060.134, setWindowRect: true, strictFileInteractability: false, timeouts: {implicit: 0, pageLoad: 300000, script: 30000}, unhandledPromptBehavior: dismiss and notify, webauthn:extension:credBlob: true, webauthn:extension:largeBlob: true, webauthn:virtualAuthenticators: true}
Session ID: 6ced8cffcde46e3b6744ad017c9b1a0f
20:58:34.234 INFO  tests.TestBase - Start test with name -->>>successLoginDpCSV
20:58:34.238 INFO  manager.MyListener - The name of method with error -->>>findElements
20:58:34.238 INFO  manager.MyListener - We have a problem ----->>>>>org.openqa.selenium.NoSuchWindowException: no such window: target window already closed
from unknown error: web view not found
  (Session info: chrome=103.0.5060.134)
Build info: version: '4.2.2', revision: '683ccb65d6'
System info: host: 'VIKTOR', ip: '192.168.165.192', os.name: 'Windows 11', os.arch: 'amd64', os.version: '10.0', java.version: '11.0.15.1'
Driver info: org.openqa.selenium.chrome.ChromeDriver
Command: [6ced8cffcde46e3b6744ad017c9b1a0f, findElements {using=xpath, value=//button[text()='Ok']}]
Capabilities {acceptInsecureCerts: false, browserName: chrome, browserVersion: 103.0.5060.134, chrome: {chromedriverVersion: 102.0.5005.61 (0e59bcc00cc4..., userDataDir: C:\Users\Viktor\AppData\Loc...}, goog:chromeOptions: {debuggerAddress: localhost:59828}, networkConnectionEnabled: false, pageLoadStrategy: normal, platformName: WINDOWS, proxy: Proxy(), se:cdp: ws://localhost:59828/devtoo..., se:cdpVersion: 103.0.5060.134, setWindowRect: true, strictFileInteractability: false, timeouts: {implicit: 0, pageLoad: 300000, script: 30000}, unhandledPromptBehavior: dismiss and notify, webauthn:extension:credBlob: true, webauthn:extension:largeBlob: true, webauthn:virtualAuthenticators: true}
Session ID: 6ced8cffcde46e3b6744ad017c9b1a0f
20:58:34.244 INFO  manager.MyListener - The name of method with error -->>>findElements
20:58:34.245 INFO  manager.MyListener - We have a problem ----->>>>>org.openqa.selenium.NoSuchWindowException: no such window: target window already closed
from unknown error: web view not found
  (Session info: chrome=103.0.5060.134)
Build info: version: '4.2.2', revision: '683ccb65d6'
System info: host: 'VIKTOR', ip: '192.168.165.192', os.name: 'Windows 11', os.arch: 'amd64', os.version: '10.0', java.version: '11.0.15.1'
Driver info: org.openqa.selenium.chrome.ChromeDriver
Command: [6ced8cffcde46e3b6744ad017c9b1a0f, findElements {using=xpath, value=//button[text()='Ok']}]
Capabilities {acceptInsecureCerts: false, browserName: chrome, browserVersion: 103.0.5060.134, chrome: {chromedriverVersion: 102.0.5005.61 (0e59bcc00cc4..., userDataDir: C:\Users\Viktor\AppData\Loc...}, goog:chromeOptions: {debuggerAddress: localhost:59828}, networkConnectionEnabled: false, pageLoadStrategy: normal, platformName: WINDOWS, proxy: Proxy(), se:cdp: ws://localhost:59828/devtoo..., se:cdpVersion: 103.0.5060.134, setWindowRect: true, strictFileInteractability: false, timeouts: {implicit: 0, pageLoad: 300000, script: 30000}, unhandledPromptBehavior: dismiss and notify, webauthn:extension:credBlob: true, webauthn:extension:largeBlob: true, webauthn:virtualAuthenticators: true}
Session ID: 6ced8cffcde46e3b6744ad017c9b1a0f
20:58:34.250 INFO  manager.MyListener - The name of method with error -->>>findElements
20:58:34.250 INFO  manager.MyListener - We have a problem ----->>>>>org.openqa.selenium.NoSuchWindowException: no such window: target window already closed
from unknown error: web view not found
  (Session info: chrome=103.0.5060.134)
Build info: version: '4.2.2', revision: '683ccb65d6'
System info: host: 'VIKTOR', ip: '192.168.165.192', os.name: 'Windows 11', os.arch: 'amd64', os.version: '10.0', java.version: '11.0.15.1'
Driver info: org.openqa.selenium.chrome.ChromeDriver
Command: [6ced8cffcde46e3b6744ad017c9b1a0f, findElements {using=xpath, value=//button[text()='Ok']}]
Capabilities {acceptInsecureCerts: false, browserName: chrome, browserVersion: 103.0.5060.134, chrome: {chromedriverVersion: 102.0.5005.61 (0e59bcc00cc4..., userDataDir: C:\Users\Viktor\AppData\Loc...}, goog:chromeOptions: {debuggerAddress: localhost:59828}, networkConnectionEnabled: false, pageLoadStrategy: normal, platformName: WINDOWS, proxy: Proxy(), se:cdp: ws://localhost:59828/devtoo..., se:cdpVersion: 103.0.5060.134, setWindowRect: true, strictFileInteractability: false, timeouts: {implicit: 0, pageLoad: 300000, script: 30000}, unhandledPromptBehavior: dismiss and notify, webauthn:extension:credBlob: true, webauthn:extension:largeBlob: true, webauthn:virtualAuthenticators: true}
Session ID: 6ced8cffcde46e3b6744ad017c9b1a0f
20:58:34.253 INFO  tests.TestBase - Start test with name -->>>RegistrationWrongPasswordFormat
20:58:34.257 INFO  manager.MyListener - The name of method with error -->>>findElements
20:58:34.258 INFO  manager.MyListener - We have a problem ----->>>>>org.openqa.selenium.NoSuchWindowException: no such window: target window already closed
from unknown error: web view not found
  (Session info: chrome=103.0.5060.134)
Build info: version: '4.2.2', revision: '683ccb65d6'
System info: host: 'VIKTOR', ip: '192.168.165.192', os.name: 'Windows 11', os.arch: 'amd64', os.version: '10.0', java.version: '11.0.15.1'
Driver info: org.openqa.selenium.chrome.ChromeDriver
Command: [6ced8cffcde46e3b6744ad017c9b1a0f, findElements {using=xpath, value=//button[text()='Ok']}]
Capabilities {acceptInsecureCerts: false, browserName: chrome, browserVersion: 103.0.5060.134, chrome: {chromedriverVersion: 102.0.5005.61 (0e59bcc00cc4..., userDataDir: C:\Users\Viktor\AppData\Loc...}, goog:chromeOptions: {debuggerAddress: localhost:59828}, networkConnectionEnabled: false, pageLoadStrategy: normal, platformName: WINDOWS, proxy: Proxy(), se:cdp: ws://localhost:59828/devtoo..., se:cdpVersion: 103.0.5060.134, setWindowRect: true, strictFileInteractability: false, timeouts: {implicit: 0, pageLoad: 300000, script: 30000}, unhandledPromptBehavior: dismiss and notify, webauthn:extension:credBlob: true, webauthn:extension:largeBlob: true, webauthn:virtualAuthenticators: true}
Session ID: 6ced8cffcde46e3b6744ad017c9b1a0f
20:58:34.261 INFO  tests.TestBase - Start test with name -->>>searchAnyPeriod
20:58:34.262 INFO  manager.MyListener - WebDriver start find element -->>>By.id: city
20:58:34.265 INFO  manager.MyListener - The name of method with error -->>>findElement
20:58:34.265 INFO  manager.MyListener - We have a problem ----->>>>>org.openqa.selenium.NoSuchWindowException: no such window: target window already closed
from unknown error: web view not found
  (Session info: chrome=103.0.5060.134)
Build info: version: '4.2.2', revision: '683ccb65d6'
System info: host: 'VIKTOR', ip: '192.168.165.192', os.name: 'Windows 11', os.arch: 'amd64', os.version: '10.0', java.version: '11.0.15.1'
Driver info: org.openqa.selenium.chrome.ChromeDriver
Command: [6ced8cffcde46e3b6744ad017c9b1a0f, findElement {using=id, value=city}]
Capabilities {acceptInsecureCerts: false, browserName: chrome, browserVersion: 103.0.5060.134, chrome: {chromedriverVersion: 102.0.5005.61 (0e59bcc00cc4..., userDataDir: C:\Users\Viktor\AppData\Loc...}, goog:chromeOptions: {debuggerAddress: localhost:59828}, networkConnectionEnabled: false, pageLoadStrategy: normal, platformName: WINDOWS, proxy: Proxy(), se:cdp: ws://localhost:59828/devtoo..., se:cdpVersion: 103.0.5060.134, setWindowRect: true, strictFileInteractability: false, timeouts: {implicit: 0, pageLoad: 300000, script: 30000}, unhandledPromptBehavior: dismiss and notify, webauthn:extension:credBlob: true, webauthn:extension:largeBlob: true, webauthn:virtualAuthenticators: true}
Session ID: 6ced8cffcde46e3b6744ad017c9b1a0f
20:58:34.266 INFO  manager.MyListener - WebDriver start find element -->>>By.cssSelector: .logo
20:58:34.269 INFO  manager.MyListener - The name of method with error -->>>findElement
20:58:34.269 INFO  manager.MyListener - We have a problem ----->>>>>org.openqa.selenium.NoSuchWindowException: no such window: target window already closed
from unknown error: web view not found
  (Session info: chrome=103.0.5060.134)
Build info: version: '4.2.2', revision: '683ccb65d6'
System info: host: 'VIKTOR', ip: '192.168.165.192', os.name: 'Windows 11', os.arch: 'amd64', os.version: '10.0', java.version: '11.0.15.1'
Driver info: org.openqa.selenium.chrome.ChromeDriver
Command: [6ced8cffcde46e3b6744ad017c9b1a0f, findElement {using=css selector, value=.logo}]
Capabilities {acceptInsecureCerts: false, browserName: chrome, browserVersion: 103.0.5060.134, chrome: {chromedriverVersion: 102.0.5005.61 (0e59bcc00cc4..., userDataDir: C:\Users\Viktor\AppData\Loc...}, goog:chromeOptions: {debuggerAddress: localhost:59828}, networkConnectionEnabled: false, pageLoadStrategy: normal, platformName: WINDOWS, proxy: Proxy(), se:cdp: ws://localhost:59828/devtoo..., se:cdpVersion: 103.0.5060.134, setWindowRect: true, strictFileInteractability: false, timeouts: {implicit: 0, pageLoad: 300000, script: 30000}, unhandledPromptBehavior: dismiss and notify, webauthn:extension:credBlob: true, webauthn:extension:largeBlob: true, webauthn:virtualAuthenticators: true}
Session ID: 6ced8cffcde46e3b6744ad017c9b1a0f
