21:38:04.707 INFO  manager.ApplicationManager - All tests run in Chrome browser.
21:38:07.143 INFO  manager.ApplicationManager - Current Url-->>>https://ilcarro-1578153671498.web.app/search
21:38:07.167 INFO  tests.TestBase - Start test with name -->>>addNewCarSuccess
21:38:17.197 INFO  manager.MyListener - WebDriver start find element -->>>By.xpath: //*[@href='/login?url=%2Fsearch']
21:38:17.218 INFO  manager.MyListener - WebDriver found element by locator -->>>By.xpath: //*[@href='/login?url=%2Fsearch']
21:38:17.256 INFO  manager.MyListener - WebDriver start find element -->>>By.id: email
21:38:17.277 INFO  manager.MyListener - WebDriver found element by locator -->>>By.id: email
21:38:17.358 INFO  manager.MyListener - WebDriver start find element -->>>By.id: password
21:38:17.378 INFO  manager.MyListener - WebDriver found element by locator -->>>By.id: password
21:38:17.449 INFO  manager.MyListener - WebDriver start find element -->>>By.xpath: //button[@type='submit']
21:38:17.467 INFO  manager.MyListener - WebDriver found element by locator -->>>By.xpath: //button[@type='submit']
21:38:17.496 INFO  manager.MyListener - WebDriver start find element -->>>By.xpath: //button[@type='submit']
21:38:17.509 INFO  manager.MyListener - WebDriver found element by locator -->>>By.xpath: //button[@type='submit']
21:38:18.238 INFO  manager.MyListener - WebDriver start find element -->>>By.xpath: //button[text()='Ok']
21:38:18.253 INFO  manager.MyListener - WebDriver found element by locator -->>>By.xpath: //button[text()='Ok']
21:38:19.291 INFO  manager.MyListener - WebDriver start find element -->>>By.id: 1
21:38:19.305 INFO  manager.MyListener - WebDriver found element by locator -->>>By.id: 1
21:38:19.347 INFO  manager.MyListener - WebDriver start find element -->>>By.id: pickUpPlace
21:38:19.363 INFO  manager.MyListener - WebDriver found element by locator -->>>By.id: pickUpPlace
21:38:19.437 INFO  manager.MyListener - WebDriver start find element -->>>By.cssSelector: div.pac-item
21:38:19.934 INFO  manager.MyListener - WebDriver found element by locator -->>>By.cssSelector: div.pac-item
21:38:20.465 INFO  manager.MyListener - WebDriver start find element -->>>By.id: make
21:38:20.479 INFO  manager.MyListener - WebDriver found element by locator -->>>By.id: make
21:38:20.539 INFO  manager.MyListener - WebDriver start find element -->>>By.id: model
21:38:20.553 INFO  manager.MyListener - WebDriver found element by locator -->>>By.id: model
21:38:20.614 INFO  manager.MyListener - WebDriver start find element -->>>By.id: year
21:38:20.629 INFO  manager.MyListener - WebDriver found element by locator -->>>By.id: year
21:38:20.702 INFO  manager.MyListener - WebDriver start find element -->>>By.id: engine
21:38:20.718 INFO  manager.MyListener - WebDriver found element by locator -->>>By.id: engine
21:38:20.783 INFO  manager.MyListener - WebDriver start find element -->>>By.id: fuel
21:38:20.801 INFO  manager.MyListener - WebDriver found element by locator -->>>By.id: fuel
21:38:20.849 INFO  manager.MyListener - WebDriver start find element -->>>By.id: gear
21:38:20.865 INFO  manager.MyListener - WebDriver found element by locator -->>>By.id: gear
21:38:20.910 INFO  manager.MyListener - WebDriver start find element -->>>By.id: wheelsDrive
21:38:20.925 INFO  manager.MyListener - WebDriver found element by locator -->>>By.id: wheelsDrive
21:38:20.981 INFO  manager.MyListener - WebDriver start find element -->>>By.id: doors
21:38:21.000 INFO  manager.MyListener - WebDriver found element by locator -->>>By.id: doors
21:38:21.084 INFO  manager.MyListener - WebDriver start find element -->>>By.id: seats
21:38:21.099 INFO  manager.MyListener - WebDriver found element by locator -->>>By.id: seats
21:38:21.186 INFO  manager.MyListener - WebDriver start find element -->>>By.id: class
21:38:21.201 INFO  manager.MyListener - WebDriver found element by locator -->>>By.id: class
21:38:21.273 INFO  manager.MyListener - WebDriver start find element -->>>By.id: fuelConsumption
21:38:21.288 INFO  manager.MyListener - WebDriver found element by locator -->>>By.id: fuelConsumption
21:38:21.370 INFO  manager.MyListener - WebDriver start find element -->>>By.id: serialNumber
21:38:21.385 INFO  manager.MyListener - WebDriver found element by locator -->>>By.id: serialNumber
21:38:21.479 INFO  manager.MyListener - WebDriver start find element -->>>By.id: price
21:38:21.494 INFO  manager.MyListener - WebDriver found element by locator -->>>By.id: price
21:38:21.570 INFO  manager.MyListener - WebDriver start find element -->>>By.id: distance
21:38:21.584 INFO  manager.MyListener - WebDriver found element by locator -->>>By.id: distance
21:38:21.664 INFO  manager.MyListener - WebDriver start find element -->>>By.cssSelector: input[placeholder='Type feature']
21:38:21.678 INFO  manager.MyListener - WebDriver found element by locator -->>>By.cssSelector: input[placeholder='Type feature']
21:38:21.755 INFO  manager.MyListener - WebDriver start find element -->>>By.id: about
21:38:21.770 INFO  manager.MyListener - WebDriver found element by locator -->>>By.id: about
21:38:21.837 INFO  manager.MyListener - WebDriver start find element -->>>By.id: photos
21:38:21.849 INFO  manager.MyListener - WebDriver found element by locator -->>>By.id: photos
21:38:24.894 INFO  manager.MyListener - WebDriver start find element -->>>By.xpath: //button[@type='submit']
21:38:24.908 INFO  manager.MyListener - WebDriver found element by locator -->>>By.xpath: //button[@type='submit']
21:38:24.925 INFO  manager.MyListener - WebDriver start find element -->>>By.xpath: //button[@type='submit']
21:38:24.934 INFO  manager.MyListener - WebDriver found element by locator -->>>By.xpath: //button[@type='submit']
21:38:26.971 INFO  manager.MyListener - WebDriver start find element -->>>By.cssSelector: div.dialog-container
21:38:26.985 INFO  manager.MyListener - WebDriver found element by locator -->>>By.cssSelector: div.dialog-container
21:38:26.994 INFO  manager.MyListener - WebDriver start find element -->>>By.cssSelector: div.dialog-container h1
21:38:27.006 INFO  manager.MyListener - WebDriver found element by locator -->>>By.cssSelector: div.dialog-container h1
21:38:27.043 INFO  manager.MyListener - WebDriver start find element -->>>By.xpath: //button[text()='Search cars']
21:38:27.054 INFO  manager.MyListener - WebDriver found element by locator -->>>By.xpath: //button[text()='Search cars']
21:38:27.083 INFO  tests.TestBase - Start test with name -->>>successLoginDP
21:38:37.117 INFO  tests.TestBase - Test start with email: viktor@gmail.com& password: Vviktor12345$
21:38:37.117 INFO  manager.MyListener - WebDriver start find element -->>>By.xpath: //*[@href='/login?url=%2Fsearch']
21:38:47.168 INFO  manager.MyListener - The name of method with error -->>>findElement
21:38:47.170 INFO  manager.MyListener - We have a problem ----->>>>>org.openqa.selenium.NoSuchElementException: no such element: Unable to locate element: {"method":"xpath","selector":"//*[@href='/login?url=%2Fsearch']"}
  (Session info: chrome=103.0.5060.134)
For documentation on this error, please visit: https://selenium.dev/exceptions/#no_such_element
Build info: version: '4.2.2', revision: '683ccb65d6'
System info: host: 'VIKTOR', ip: '192.168.165.192', os.name: 'Windows 11', os.arch: 'amd64', os.version: '10.0', java.version: '11.0.15.1'
Driver info: org.openqa.selenium.chrome.ChromeDriver
Command: [2587280caa6c19997c90db2a224247a7, findElement {using=xpath, value=//*[@href='/login?url=%2Fsearch']}]
Capabilities {acceptInsecureCerts: false, browserName: chrome, browserVersion: 103.0.5060.134, chrome: {chromedriverVersion: 102.0.5005.61 (0e59bcc00cc4..., userDataDir: C:\Users\Viktor\AppData\Loc...}, goog:chromeOptions: {debuggerAddress: localhost:61830}, networkConnectionEnabled: false, pageLoadStrategy: normal, platformName: WINDOWS, proxy: Proxy(), se:cdp: ws://localhost:61830/devtoo..., se:cdpVersion: 103.0.5060.134, setWindowRect: true, strictFileInteractability: false, timeouts: {implicit: 0, pageLoad: 300000, script: 30000}, unhandledPromptBehavior: dismiss and notify, webauthn:extension:credBlob: true, webauthn:extension:largeBlob: true, webauthn:virtualAuthenticators: true}
Session ID: 2587280caa6c19997c90db2a224247a7
21:38:57.232 INFO  tests.TestBase - Start test with name -->>>successLoginDP
21:39:03.687 INFO  tests.TestBase - Test start with email: viktor@gmail.com& password: Vviktor12345$
21:39:03.688 INFO  manager.MyListener - WebDriver start find element -->>>By.xpath: //*[@href='/login?url=%2Fsearch']
21:39:03.691 INFO  manager.MyListener - The name of method with error -->>>findElement
21:39:03.692 INFO  manager.MyListener - We have a problem ----->>>>>org.openqa.selenium.NoSuchWindowException: no such window: target window already closed
from unknown error: web view not found
  (Session info: chrome=103.0.5060.134)
Build info: version: '4.2.2', revision: '683ccb65d6'
System info: host: 'VIKTOR', ip: '192.168.165.192', os.name: 'Windows 11', os.arch: 'amd64', os.version: '10.0', java.version: '11.0.15.1'
Driver info: org.openqa.selenium.chrome.ChromeDriver
Command: [2587280caa6c19997c90db2a224247a7, findElement {using=xpath, value=//*[@href='/login?url=%2Fsearch']}]
Capabilities {acceptInsecureCerts: false, browserName: chrome, browserVersion: 103.0.5060.134, chrome: {chromedriverVersion: 102.0.5005.61 (0e59bcc00cc4..., userDataDir: C:\Users\Viktor\AppData\Loc...}, goog:chromeOptions: {debuggerAddress: localhost:61830}, networkConnectionEnabled: false, pageLoadStrategy: normal, platformName: WINDOWS, proxy: Proxy(), se:cdp: ws://localhost:61830/devtoo..., se:cdpVersion: 103.0.5060.134, setWindowRect: true, strictFileInteractability: false, timeouts: {implicit: 0, pageLoad: 300000, script: 30000}, unhandledPromptBehavior: dismiss and notify, webauthn:extension:credBlob: true, webauthn:extension:largeBlob: true, webauthn:virtualAuthenticators: true}
Session ID: 2587280caa6c19997c90db2a224247a7
21:39:03.697 INFO  manager.MyListener - The name of method with error -->>>findElements
21:39:03.697 INFO  manager.MyListener - We have a problem ----->>>>>org.openqa.selenium.NoSuchWindowException: no such window: target window already closed
from unknown error: web view not found
  (Session info: chrome=103.0.5060.134)
Build info: version: '4.2.2', revision: '683ccb65d6'
System info: host: 'VIKTOR', ip: '192.168.165.192', os.name: 'Windows 11', os.arch: 'amd64', os.version: '10.0', java.version: '11.0.15.1'
Driver info: org.openqa.selenium.chrome.ChromeDriver
Command: [2587280caa6c19997c90db2a224247a7, findElements {using=xpath, value=//button[text()='Ok']}]
Capabilities {acceptInsecureCerts: false, browserName: chrome, browserVersion: 103.0.5060.134, chrome: {chromedriverVersion: 102.0.5005.61 (0e59bcc00cc4..., userDataDir: C:\Users\Viktor\AppData\Loc...}, goog:chromeOptions: {debuggerAddress: localhost:61830}, networkConnectionEnabled: false, pageLoadStrategy: normal, platformName: WINDOWS, proxy: Proxy(), se:cdp: ws://localhost:61830/devtoo..., se:cdpVersion: 103.0.5060.134, setWindowRect: true, strictFileInteractability: false, timeouts: {implicit: 0, pageLoad: 300000, script: 30000}, unhandledPromptBehavior: dismiss and notify, webauthn:extension:credBlob: true, webauthn:extension:largeBlob: true, webauthn:virtualAuthenticators: true}
Session ID: 2587280caa6c19997c90db2a224247a7
21:39:03.704 INFO  manager.MyListener - The name of method with error -->>>findElements
21:39:03.704 INFO  manager.MyListener - We have a problem ----->>>>>org.openqa.selenium.NoSuchWindowException: no such window: target window already closed
from unknown error: web view not found
  (Session info: chrome=103.0.5060.134)
Build info: version: '4.2.2', revision: '683ccb65d6'
System info: host: 'VIKTOR', ip: '192.168.165.192', os.name: 'Windows 11', os.arch: 'amd64', os.version: '10.0', java.version: '11.0.15.1'
Driver info: org.openqa.selenium.chrome.ChromeDriver
Command: [2587280caa6c19997c90db2a224247a7, findElements {using=xpath, value=//button[text()='Ok']}]
Capabilities {acceptInsecureCerts: false, browserName: chrome, browserVersion: 103.0.5060.134, chrome: {chromedriverVersion: 102.0.5005.61 (0e59bcc00cc4..., userDataDir: C:\Users\Viktor\AppData\Loc...}, goog:chromeOptions: {debuggerAddress: localhost:61830}, networkConnectionEnabled: false, pageLoadStrategy: normal, platformName: WINDOWS, proxy: Proxy(), se:cdp: ws://localhost:61830/devtoo..., se:cdpVersion: 103.0.5060.134, setWindowRect: true, strictFileInteractability: false, timeouts: {implicit: 0, pageLoad: 300000, script: 30000}, unhandledPromptBehavior: dismiss and notify, webauthn:extension:credBlob: true, webauthn:extension:largeBlob: true, webauthn:virtualAuthenticators: true}
Session ID: 2587280caa6c19997c90db2a224247a7
21:39:03.710 INFO  manager.MyListener - The name of method with error -->>>findElements
21:39:03.710 INFO  manager.MyListener - We have a problem ----->>>>>org.openqa.selenium.NoSuchWindowException: no such window: target window already closed
from unknown error: web view not found
  (Session info: chrome=103.0.5060.134)
Build info: version: '4.2.2', revision: '683ccb65d6'
System info: host: 'VIKTOR', ip: '192.168.165.192', os.name: 'Windows 11', os.arch: 'amd64', os.version: '10.0', java.version: '11.0.15.1'
Driver info: org.openqa.selenium.chrome.ChromeDriver
Command: [2587280caa6c19997c90db2a224247a7, findElements {using=xpath, value=//button[text()='Ok']}]
Capabilities {acceptInsecureCerts: false, browserName: chrome, browserVersion: 103.0.5060.134, chrome: {chromedriverVersion: 102.0.5005.61 (0e59bcc00cc4..., userDataDir: C:\Users\Viktor\AppData\Loc...}, goog:chromeOptions: {debuggerAddress: localhost:61830}, networkConnectionEnabled: false, pageLoadStrategy: normal, platformName: WINDOWS, proxy: Proxy(), se:cdp: ws://localhost:61830/devtoo..., se:cdpVersion: 103.0.5060.134, setWindowRect: true, strictFileInteractability: false, timeouts: {implicit: 0, pageLoad: 300000, script: 30000}, unhandledPromptBehavior: dismiss and notify, webauthn:extension:credBlob: true, webauthn:extension:largeBlob: true, webauthn:virtualAuthenticators: true}
Session ID: 2587280caa6c19997c90db2a224247a7
21:39:03.717 INFO  manager.MyListener - The name of method with error -->>>findElements
21:39:03.717 INFO  manager.MyListener - We have a problem ----->>>>>org.openqa.selenium.NoSuchWindowException: no such window: target window already closed
from unknown error: web view not found
  (Session info: chrome=103.0.5060.134)
Build info: version: '4.2.2', revision: '683ccb65d6'
System info: host: 'VIKTOR', ip: '192.168.165.192', os.name: 'Windows 11', os.arch: 'amd64', os.version: '10.0', java.version: '11.0.15.1'
Driver info: org.openqa.selenium.chrome.ChromeDriver
Command: [2587280caa6c19997c90db2a224247a7, findElements {using=xpath, value=//button[text()='Ok']}]
Capabilities {acceptInsecureCerts: false, browserName: chrome, browserVersion: 103.0.5060.134, chrome: {chromedriverVersion: 102.0.5005.61 (0e59bcc00cc4..., userDataDir: C:\Users\Viktor\AppData\Loc...}, goog:chromeOptions: {debuggerAddress: localhost:61830}, networkConnectionEnabled: false, pageLoadStrategy: normal, platformName: WINDOWS, proxy: Proxy(), se:cdp: ws://localhost:61830/devtoo..., se:cdpVersion: 103.0.5060.134, setWindowRect: true, strictFileInteractability: false, timeouts: {implicit: 0, pageLoad: 300000, script: 30000}, unhandledPromptBehavior: dismiss and notify, webauthn:extension:credBlob: true, webauthn:extension:largeBlob: true, webauthn:virtualAuthenticators: true}
Session ID: 2587280caa6c19997c90db2a224247a7
21:39:03.729 INFO  manager.MyListener - The name of method with error -->>>findElements
21:39:03.729 INFO  manager.MyListener - We have a problem ----->>>>>org.openqa.selenium.NoSuchWindowException: no such window: target window already closed
from unknown error: web view not found
  (Session info: chrome=103.0.5060.134)
Build info: version: '4.2.2', revision: '683ccb65d6'
System info: host: 'VIKTOR', ip: '192.168.165.192', os.name: 'Windows 11', os.arch: 'amd64', os.version: '10.0', java.version: '11.0.15.1'
Driver info: org.openqa.selenium.chrome.ChromeDriver
Command: [2587280caa6c19997c90db2a224247a7, findElements {using=xpath, value=//button[text()='Ok']}]
Capabilities {acceptInsecureCerts: false, browserName: chrome, browserVersion: 103.0.5060.134, chrome: {chromedriverVersion: 102.0.5005.61 (0e59bcc00cc4..., userDataDir: C:\Users\Viktor\AppData\Loc...}, goog:chromeOptions: {debuggerAddress: localhost:61830}, networkConnectionEnabled: false, pageLoadStrategy: normal, platformName: WINDOWS, proxy: Proxy(), se:cdp: ws://localhost:61830/devtoo..., se:cdpVersion: 103.0.5060.134, setWindowRect: true, strictFileInteractability: false, timeouts: {implicit: 0, pageLoad: 300000, script: 30000}, unhandledPromptBehavior: dismiss and notify, webauthn:extension:credBlob: true, webauthn:extension:largeBlob: true, webauthn:virtualAuthenticators: true}
Session ID: 2587280caa6c19997c90db2a224247a7
21:39:03.734 INFO  manager.MyListener - The name of method with error -->>>findElements
21:39:03.734 INFO  manager.MyListener - We have a problem ----->>>>>org.openqa.selenium.NoSuchWindowException: no such window: target window already closed
from unknown error: web view not found
  (Session info: chrome=103.0.5060.134)
Build info: version: '4.2.2', revision: '683ccb65d6'
System info: host: 'VIKTOR', ip: '192.168.165.192', os.name: 'Windows 11', os.arch: 'amd64', os.version: '10.0', java.version: '11.0.15.1'
Driver info: org.openqa.selenium.chrome.ChromeDriver
Command: [2587280caa6c19997c90db2a224247a7, findElements {using=xpath, value=//button[text()='Ok']}]
Capabilities {acceptInsecureCerts: false, browserName: chrome, browserVersion: 103.0.5060.134, chrome: {chromedriverVersion: 102.0.5005.61 (0e59bcc00cc4..., userDataDir: C:\Users\Viktor\AppData\Loc...}, goog:chromeOptions: {debuggerAddress: localhost:61830}, networkConnectionEnabled: false, pageLoadStrategy: normal, platformName: WINDOWS, proxy: Proxy(), se:cdp: ws://localhost:61830/devtoo..., se:cdpVersion: 103.0.5060.134, setWindowRect: true, strictFileInteractability: false, timeouts: {implicit: 0, pageLoad: 300000, script: 30000}, unhandledPromptBehavior: dismiss and notify, webauthn:extension:credBlob: true, webauthn:extension:largeBlob: true, webauthn:virtualAuthenticators: true}
Session ID: 2587280caa6c19997c90db2a224247a7
21:39:03.740 INFO  manager.MyListener - The name of method with error -->>>findElements
21:39:03.740 INFO  manager.MyListener - We have a problem ----->>>>>org.openqa.selenium.NoSuchWindowException: no such window: target window already closed
from unknown error: web view not found
  (Session info: chrome=103.0.5060.134)
Build info: version: '4.2.2', revision: '683ccb65d6'
System info: host: 'VIKTOR', ip: '192.168.165.192', os.name: 'Windows 11', os.arch: 'amd64', os.version: '10.0', java.version: '11.0.15.1'
Driver info: org.openqa.selenium.chrome.ChromeDriver
Command: [2587280caa6c19997c90db2a224247a7, findElements {using=xpath, value=//button[text()='Ok']}]
Capabilities {acceptInsecureCerts: false, browserName: chrome, browserVersion: 103.0.5060.134, chrome: {chromedriverVersion: 102.0.5005.61 (0e59bcc00cc4..., userDataDir: C:\Users\Viktor\AppData\Loc...}, goog:chromeOptions: {debuggerAddress: localhost:61830}, networkConnectionEnabled: false, pageLoadStrategy: normal, platformName: WINDOWS, proxy: Proxy(), se:cdp: ws://localhost:61830/devtoo..., se:cdpVersion: 103.0.5060.134, setWindowRect: true, strictFileInteractability: false, timeouts: {implicit: 0, pageLoad: 300000, script: 30000}, unhandledPromptBehavior: dismiss and notify, webauthn:extension:credBlob: true, webauthn:extension:largeBlob: true, webauthn:virtualAuthenticators: true}
Session ID: 2587280caa6c19997c90db2a224247a7
21:39:03.746 INFO  manager.MyListener - The name of method with error -->>>findElements
21:39:03.747 INFO  manager.MyListener - We have a problem ----->>>>>org.openqa.selenium.NoSuchWindowException: no such window: target window already closed
from unknown error: web view not found
  (Session info: chrome=103.0.5060.134)
Build info: version: '4.2.2', revision: '683ccb65d6'
System info: host: 'VIKTOR', ip: '192.168.165.192', os.name: 'Windows 11', os.arch: 'amd64', os.version: '10.0', java.version: '11.0.15.1'
Driver info: org.openqa.selenium.chrome.ChromeDriver
Command: [2587280caa6c19997c90db2a224247a7, findElements {using=xpath, value=//button[text()='Ok']}]
Capabilities {acceptInsecureCerts: false, browserName: chrome, browserVersion: 103.0.5060.134, chrome: {chromedriverVersion: 102.0.5005.61 (0e59bcc00cc4..., userDataDir: C:\Users\Viktor\AppData\Loc...}, goog:chromeOptions: {debuggerAddress: localhost:61830}, networkConnectionEnabled: false, pageLoadStrategy: normal, platformName: WINDOWS, proxy: Proxy(), se:cdp: ws://localhost:61830/devtoo..., se:cdpVersion: 103.0.5060.134, setWindowRect: true, strictFileInteractability: false, timeouts: {implicit: 0, pageLoad: 300000, script: 30000}, unhandledPromptBehavior: dismiss and notify, webauthn:extension:credBlob: true, webauthn:extension:largeBlob: true, webauthn:virtualAuthenticators: true}
Session ID: 2587280caa6c19997c90db2a224247a7
21:39:03.753 INFO  manager.MyListener - The name of method with error -->>>findElements
21:39:03.753 INFO  manager.MyListener - We have a problem ----->>>>>org.openqa.selenium.NoSuchWindowException: no such window: target window already closed
from unknown error: web view not found
  (Session info: chrome=103.0.5060.134)
Build info: version: '4.2.2', revision: '683ccb65d6'
System info: host: 'VIKTOR', ip: '192.168.165.192', os.name: 'Windows 11', os.arch: 'amd64', os.version: '10.0', java.version: '11.0.15.1'
Driver info: org.openqa.selenium.chrome.ChromeDriver
Command: [2587280caa6c19997c90db2a224247a7, findElements {using=xpath, value=//button[text()='Ok']}]
Capabilities {acceptInsecureCerts: false, browserName: chrome, browserVersion: 103.0.5060.134, chrome: {chromedriverVersion: 102.0.5005.61 (0e59bcc00cc4..., userDataDir: C:\Users\Viktor\AppData\Loc...}, goog:chromeOptions: {debuggerAddress: localhost:61830}, networkConnectionEnabled: false, pageLoadStrategy: normal, platformName: WINDOWS, proxy: Proxy(), se:cdp: ws://localhost:61830/devtoo..., se:cdpVersion: 103.0.5060.134, setWindowRect: true, strictFileInteractability: false, timeouts: {implicit: 0, pageLoad: 300000, script: 30000}, unhandledPromptBehavior: dismiss and notify, webauthn:extension:credBlob: true, webauthn:extension:largeBlob: true, webauthn:virtualAuthenticators: true}
Session ID: 2587280caa6c19997c90db2a224247a7
21:39:03.757 INFO  tests.TestBase - Start test with name -->>>RegistrationWrongPasswordFormat
21:39:03.761 INFO  manager.MyListener - The name of method with error -->>>findElements
21:39:03.762 INFO  manager.MyListener - We have a problem ----->>>>>org.openqa.selenium.NoSuchWindowException: no such window: target window already closed
from unknown error: web view not found
  (Session info: chrome=103.0.5060.134)
Build info: version: '4.2.2', revision: '683ccb65d6'
System info: host: 'VIKTOR', ip: '192.168.165.192', os.name: 'Windows 11', os.arch: 'amd64', os.version: '10.0', java.version: '11.0.15.1'
Driver info: org.openqa.selenium.chrome.ChromeDriver
Command: [2587280caa6c19997c90db2a224247a7, findElements {using=xpath, value=//button[text()='Ok']}]
Capabilities {acceptInsecureCerts: false, browserName: chrome, browserVersion: 103.0.5060.134, chrome: {chromedriverVersion: 102.0.5005.61 (0e59bcc00cc4..., userDataDir: C:\Users\Viktor\AppData\Loc...}, goog:chromeOptions: {debuggerAddress: localhost:61830}, networkConnectionEnabled: false, pageLoadStrategy: normal, platformName: WINDOWS, proxy: Proxy(), se:cdp: ws://localhost:61830/devtoo..., se:cdpVersion: 103.0.5060.134, setWindowRect: true, strictFileInteractability: false, timeouts: {implicit: 0, pageLoad: 300000, script: 30000}, unhandledPromptBehavior: dismiss and notify, webauthn:extension:credBlob: true, webauthn:extension:largeBlob: true, webauthn:virtualAuthenticators: true}
Session ID: 2587280caa6c19997c90db2a224247a7
21:39:03.766 INFO  tests.TestBase - Start test with name -->>>searchAnyPeriod
21:39:03.767 INFO  manager.MyListener - WebDriver start find element -->>>By.id: city
21:39:03.770 INFO  manager.MyListener - The name of method with error -->>>findElement
21:39:03.770 INFO  manager.MyListener - We have a problem ----->>>>>org.openqa.selenium.NoSuchWindowException: no such window: target window already closed
from unknown error: web view not found
  (Session info: chrome=103.0.5060.134)
Build info: version: '4.2.2', revision: '683ccb65d6'
System info: host: 'VIKTOR', ip: '192.168.165.192', os.name: 'Windows 11', os.arch: 'amd64', os.version: '10.0', java.version: '11.0.15.1'
Driver info: org.openqa.selenium.chrome.ChromeDriver
Command: [2587280caa6c19997c90db2a224247a7, findElement {using=id, value=city}]
Capabilities {acceptInsecureCerts: false, browserName: chrome, browserVersion: 103.0.5060.134, chrome: {chromedriverVersion: 102.0.5005.61 (0e59bcc00cc4..., userDataDir: C:\Users\Viktor\AppData\Loc...}, goog:chromeOptions: {debuggerAddress: localhost:61830}, networkConnectionEnabled: false, pageLoadStrategy: normal, platformName: WINDOWS, proxy: Proxy(), se:cdp: ws://localhost:61830/devtoo..., se:cdpVersion: 103.0.5060.134, setWindowRect: true, strictFileInteractability: false, timeouts: {implicit: 0, pageLoad: 300000, script: 30000}, unhandledPromptBehavior: dismiss and notify, webauthn:extension:credBlob: true, webauthn:extension:largeBlob: true, webauthn:virtualAuthenticators: true}
Session ID: 2587280caa6c19997c90db2a224247a7
21:39:03.772 INFO  manager.MyListener - WebDriver start find element -->>>By.cssSelector: .logo
21:39:03.775 INFO  manager.MyListener - The name of method with error -->>>findElement
21:39:03.775 INFO  manager.MyListener - We have a problem ----->>>>>org.openqa.selenium.NoSuchWindowException: no such window: target window already closed
from unknown error: web view not found
  (Session info: chrome=103.0.5060.134)
Build info: version: '4.2.2', revision: '683ccb65d6'
System info: host: 'VIKTOR', ip: '192.168.165.192', os.name: 'Windows 11', os.arch: 'amd64', os.version: '10.0', java.version: '11.0.15.1'
Driver info: org.openqa.selenium.chrome.ChromeDriver
Command: [2587280caa6c19997c90db2a224247a7, findElement {using=css selector, value=.logo}]
Capabilities {acceptInsecureCerts: false, browserName: chrome, browserVersion: 103.0.5060.134, chrome: {chromedriverVersion: 102.0.5005.61 (0e59bcc00cc4..., userDataDir: C:\Users\Viktor\AppData\Loc...}, goog:chromeOptions: {debuggerAddress: localhost:61830}, networkConnectionEnabled: false, pageLoadStrategy: normal, platformName: WINDOWS, proxy: Proxy(), se:cdp: ws://localhost:61830/devtoo..., se:cdpVersion: 103.0.5060.134, setWindowRect: true, strictFileInteractability: false, timeouts: {implicit: 0, pageLoad: 300000, script: 30000}, unhandledPromptBehavior: dismiss and notify, webauthn:extension:credBlob: true, webauthn:extension:largeBlob: true, webauthn:virtualAuthenticators: true}
Session ID: 2587280caa6c19997c90db2a224247a7
